[1.169s] Invoking command in '/home/rsl/crazyfly_ws/src/optitrack_core': PYTHONPATH=/home/rsl/crazyfly_ws/build/optitrack_core/prefix_override:/home/rsl/crazyfly_ws/install/optitrack_core/lib/python3.10/site-packages:${PYTHONPATH} /usr/bin/python3 -W ignore:setup.py install is deprecated setup.py egg_info --egg-base ../../build/optitrack_core build --build-base /home/rsl/crazyfly_ws/build/optitrack_core/build install --record /home/rsl/crazyfly_ws/build/optitrack_core/install.log --single-version-externally-managed install_data
[1.424s] running egg_info
[1.425s] creating ../../build/optitrack_core/optitrack_core.egg-info
[1.432s] writing ../../build/optitrack_core/optitrack_core.egg-info/PKG-INFO
[1.432s] writing dependency_links to ../../build/optitrack_core/optitrack_core.egg-info/dependency_links.txt
[1.433s] writing entry points to ../../build/optitrack_core/optitrack_core.egg-info/entry_points.txt
[1.433s] writing requirements to ../../build/optitrack_core/optitrack_core.egg-info/requires.txt
[1.433s] writing top-level names to ../../build/optitrack_core/optitrack_core.egg-info/top_level.txt
[1.434s] writing manifest file '../../build/optitrack_core/optitrack_core.egg-info/SOURCES.txt'
[1.435s] reading manifest file '../../build/optitrack_core/optitrack_core.egg-info/SOURCES.txt'
[1.435s] adding license file 'LICENSE'
[1.436s] writing manifest file '../../build/optitrack_core/optitrack_core.egg-info/SOURCES.txt'
[1.436s] running build
[1.436s] running build_py
[1.436s] creating /home/rsl/crazyfly_ws/build/optitrack_core/build
[1.437s] creating /home/rsl/crazyfly_ws/build/optitrack_core/build/lib
[1.437s] creating /home/rsl/crazyfly_ws/build/optitrack_core/build/lib/optitrack_core
[1.437s] copying optitrack_core/get_data.py -> /home/rsl/crazyfly_ws/build/optitrack_core/build/lib/optitrack_core
[1.437s] copying optitrack_core/__init__.py -> /home/rsl/crazyfly_ws/build/optitrack_core/build/lib/optitrack_core
[1.438s] running install
[1.439s] running install_lib
[1.441s] creating /home/rsl/crazyfly_ws/install/optitrack_core/lib/python3.10/site-packages/optitrack_core
[1.441s] copying /home/rsl/crazyfly_ws/build/optitrack_core/build/lib/optitrack_core/get_data.py -> /home/rsl/crazyfly_ws/install/optitrack_core/lib/python3.10/site-packages/optitrack_core
[1.441s] copying /home/rsl/crazyfly_ws/build/optitrack_core/build/lib/optitrack_core/__init__.py -> /home/rsl/crazyfly_ws/install/optitrack_core/lib/python3.10/site-packages/optitrack_core
[1.442s] byte-compiling /home/rsl/crazyfly_ws/install/optitrack_core/lib/python3.10/site-packages/optitrack_core/get_data.py to get_data.cpython-310.pyc
[1.443s] byte-compiling /home/rsl/crazyfly_ws/install/optitrack_core/lib/python3.10/site-packages/optitrack_core/__init__.py to __init__.cpython-310.pyc
[1.443s] running install_data
[1.443s] creating /home/rsl/crazyfly_ws/install/optitrack_core/share/ament_index
[1.443s] creating /home/rsl/crazyfly_ws/install/optitrack_core/share/ament_index/resource_index
[1.444s] creating /home/rsl/crazyfly_ws/install/optitrack_core/share/ament_index/resource_index/packages
[1.444s] copying resource/optitrack_core -> /home/rsl/crazyfly_ws/install/optitrack_core/share/ament_index/resource_index/packages
[1.444s] copying package.xml -> /home/rsl/crazyfly_ws/install/optitrack_core/share/optitrack_core
[1.444s] running install_egg_info
[1.446s] Copying ../../build/optitrack_core/optitrack_core.egg-info to /home/rsl/crazyfly_ws/install/optitrack_core/lib/python3.10/site-packages/optitrack_core-0.0.0-py3.10.egg-info
[1.447s] running install_scripts
[1.462s] Installing get_data script to /home/rsl/crazyfly_ws/install/optitrack_core/lib/optitrack_core
[1.463s] writing list of installed files to '/home/rsl/crazyfly_ws/build/optitrack_core/install.log'
[1.527s] Invoked command in '/home/rsl/crazyfly_ws/src/optitrack_core' returned '0': PYTHONPATH=/home/rsl/crazyfly_ws/build/optitrack_core/prefix_override:/home/rsl/crazyfly_ws/install/optitrack_core/lib/python3.10/site-packages:${PYTHONPATH} /usr/bin/python3 -W ignore:setup.py install is deprecated setup.py egg_info --egg-base ../../build/optitrack_core build --build-base /home/rsl/crazyfly_ws/build/optitrack_core/build install --record /home/rsl/crazyfly_ws/build/optitrack_core/install.log --single-version-externally-managed install_data
