[1.323s] Invoking command in '/home/rsl/crazyfly_ws/src/crazyfly_core': PYTHONPATH=/home/rsl/crazyfly_ws/build/crazyfly_core/prefix_override:/home/rsl/crazyfly_ws/install/crazyfly_core/lib/python3.10/site-packages:${PYTHONPATH} /usr/bin/python3 -W ignore:setup.py install is deprecated setup.py egg_info --egg-base ../../build/crazyfly_core build --build-base /home/rsl/crazyfly_ws/build/crazyfly_core/build install --record /home/rsl/crazyfly_ws/build/crazyfly_core/install.log --single-version-externally-managed install_data
[1.597s] running egg_info
[1.605s] writing ../../build/crazyfly_core/crazyfly_core.egg-info/PKG-INFO
[1.605s] writing dependency_links to ../../build/crazyfly_core/crazyfly_core.egg-info/dependency_links.txt
[1.605s] writing entry points to ../../build/crazyfly_core/crazyfly_core.egg-info/entry_points.txt
[1.606s] writing requirements to ../../build/crazyfly_core/crazyfly_core.egg-info/requires.txt
[1.606s] writing top-level names to ../../build/crazyfly_core/crazyfly_core.egg-info/top_level.txt
[1.609s] reading manifest file '../../build/crazyfly_core/crazyfly_core.egg-info/SOURCES.txt'
[1.609s] adding license file 'LICENSE'
[1.611s] writing manifest file '../../build/crazyfly_core/crazyfly_core.egg-info/SOURCES.txt'
[1.611s] running build
[1.611s] running build_py
[1.611s] copying crazyfly_core/pid_controller_cf1.py -> /home/rsl/crazyfly_ws/build/crazyfly_core/build/lib/crazyfly_core
[1.612s] running install
[1.612s] running install_lib
[1.613s] copying /home/rsl/crazyfly_ws/build/crazyfly_core/build/lib/crazyfly_core/pid_controller_cf1.py -> /home/rsl/crazyfly_ws/install/crazyfly_core/lib/python3.10/site-packages/crazyfly_core
[1.615s] byte-compiling /home/rsl/crazyfly_ws/install/crazyfly_core/lib/python3.10/site-packages/crazyfly_core/pid_controller_cf1.py to pid_controller_cf1.cpython-310.pyc
[1.616s] running install_data
[1.616s] running install_egg_info
[1.618s] removing '/home/rsl/crazyfly_ws/install/crazyfly_core/lib/python3.10/site-packages/crazyfly_core-0.0.0-py3.10.egg-info' (and everything under it)
[1.619s] Copying ../../build/crazyfly_core/crazyfly_core.egg-info to /home/rsl/crazyfly_ws/install/crazyfly_core/lib/python3.10/site-packages/crazyfly_core-0.0.0-py3.10.egg-info
[1.619s] running install_scripts
[1.643s] Installing cf_command_controller script to /home/rsl/crazyfly_ws/install/crazyfly_core/lib/crazyfly_core
[1.643s] Installing cf_command_controller2 script to /home/rsl/crazyfly_ws/install/crazyfly_core/lib/crazyfly_core
[1.643s] Installing cf_driver script to /home/rsl/crazyfly_ws/install/crazyfly_core/lib/crazyfly_core
[1.644s] Installing cf_thrust_controller script to /home/rsl/crazyfly_ws/install/crazyfly_core/lib/crazyfly_core
[1.644s] Installing clusterController script to /home/rsl/crazyfly_ws/install/crazyfly_core/lib/crazyfly_core
[1.644s] Installing fake_thrust_pub script to /home/rsl/crazyfly_ws/install/crazyfly_core/lib/crazyfly_core
[1.645s] Installing optitrack_subscriber script to /home/rsl/crazyfly_ws/install/crazyfly_core/lib/crazyfly_core
[1.645s] Installing optitrack_subscriber2 script to /home/rsl/crazyfly_ws/install/crazyfly_core/lib/crazyfly_core
[1.645s] Installing pid_controller_cf1 script to /home/rsl/crazyfly_ws/install/crazyfly_core/lib/crazyfly_core
[1.645s] writing list of installed files to '/home/rsl/crazyfly_ws/build/crazyfly_core/install.log'
[1.680s] Invoked command in '/home/rsl/crazyfly_ws/src/crazyfly_core' returned '0': PYTHONPATH=/home/rsl/crazyfly_ws/build/crazyfly_core/prefix_override:/home/rsl/crazyfly_ws/install/crazyfly_core/lib/python3.10/site-packages:${PYTHONPATH} /usr/bin/python3 -W ignore:setup.py install is deprecated setup.py egg_info --egg-base ../../build/crazyfly_core build --build-base /home/rsl/crazyfly_ws/build/crazyfly_core/build install --record /home/rsl/crazyfly_ws/build/crazyfly_core/install.log --single-version-externally-managed install_data
