running egg_info
creating ../../build/controller_core/controller_core.egg-info
writing ../../build/controller_core/controller_core.egg-info/PKG-INFO
writing dependency_links to ../../build/controller_core/controller_core.egg-info/dependency_links.txt
writing entry points to ../../build/controller_core/controller_core.egg-info/entry_points.txt
writing requirements to ../../build/controller_core/controller_core.egg-info/requires.txt
writing top-level names to ../../build/controller_core/controller_core.egg-info/top_level.txt
writing manifest file '../../build/controller_core/controller_core.egg-info/SOURCES.txt'
reading manifest file '../../build/controller_core/controller_core.egg-info/SOURCES.txt'
adding license file 'LICENSE'
writing manifest file '../../build/controller_core/controller_core.egg-info/SOURCES.txt'
running build
running build_py
creating /home/rsl/crazyfly_ws/build/controller_core/build
creating /home/rsl/crazyfly_ws/build/controller_core/build/lib
creating /home/rsl/crazyfly_ws/build/controller_core/build/lib/controller_core
copying controller_core/ctrl_node.py -> /home/rsl/crazyfly_ws/build/controller_core/build/lib/controller_core
copying controller_core/__init__.py -> /home/rsl/crazyfly_ws/build/controller_core/build/lib/controller_core
running install
running install_lib
creating /home/rsl/crazyfly_ws/install/controller_core/lib/python3.10/site-packages/controller_core
copying /home/rsl/crazyfly_ws/build/controller_core/build/lib/controller_core/ctrl_node.py -> /home/rsl/crazyfly_ws/install/controller_core/lib/python3.10/site-packages/controller_core
copying /home/rsl/crazyfly_ws/build/controller_core/build/lib/controller_core/__init__.py -> /home/rsl/crazyfly_ws/install/controller_core/lib/python3.10/site-packages/controller_core
byte-compiling /home/rsl/crazyfly_ws/install/controller_core/lib/python3.10/site-packages/controller_core/ctrl_node.py to ctrl_node.cpython-310.pyc
byte-compiling /home/rsl/crazyfly_ws/install/controller_core/lib/python3.10/site-packages/controller_core/__init__.py to __init__.cpython-310.pyc
running install_data
creating /home/rsl/crazyfly_ws/install/controller_core/share/ament_index
creating /home/rsl/crazyfly_ws/install/controller_core/share/ament_index/resource_index
creating /home/rsl/crazyfly_ws/install/controller_core/share/ament_index/resource_index/packages
copying resource/controller_core -> /home/rsl/crazyfly_ws/install/controller_core/share/ament_index/resource_index/packages
copying package.xml -> /home/rsl/crazyfly_ws/install/controller_core/share/controller_core
running install_egg_info
Copying ../../build/controller_core/controller_core.egg-info to /home/rsl/crazyfly_ws/install/controller_core/lib/python3.10/site-packages/controller_core-0.0.0-py3.10.egg-info
running install_scripts
Installing ctrl_node script to /home/rsl/crazyfly_ws/install/controller_core/lib/controller_core
writing list of installed files to '/home/rsl/crazyfly_ws/build/controller_core/install.log'
