[1.101s] Invoking command in '/home/rsl/crazyfly_ws/src/controller_core': PYTHONPATH=/home/rsl/crazyfly_ws/build/controller_core/prefix_override:/home/rsl/crazyfly_ws/install/controller_core/lib/python3.10/site-packages:${PYTHONPATH} /usr/bin/python3 -W ignore:setup.py install is deprecated setup.py egg_info --egg-base ../../build/controller_core build --build-base /home/rsl/crazyfly_ws/build/controller_core/build install --record /home/rsl/crazyfly_ws/build/controller_core/install.log --single-version-externally-managed install_data
[1.310s] running egg_info
[1.311s] creating ../../build/controller_core/controller_core.egg-info
[1.319s] writing ../../build/controller_core/controller_core.egg-info/PKG-INFO
[1.320s] writing dependency_links to ../../build/controller_core/controller_core.egg-info/dependency_links.txt
[1.320s] writing entry points to ../../build/controller_core/controller_core.egg-info/entry_points.txt
[1.320s] writing requirements to ../../build/controller_core/controller_core.egg-info/requires.txt
[1.321s] writing top-level names to ../../build/controller_core/controller_core.egg-info/top_level.txt
[1.321s] writing manifest file '../../build/controller_core/controller_core.egg-info/SOURCES.txt'
[1.322s] reading manifest file '../../build/controller_core/controller_core.egg-info/SOURCES.txt'
[1.322s] adding license file 'LICENSE'
[1.325s] writing manifest file '../../build/controller_core/controller_core.egg-info/SOURCES.txt'
[1.328s] running build
[1.328s] running build_py
[1.328s] creating /home/rsl/crazyfly_ws/build/controller_core/build
[1.328s] creating /home/rsl/crazyfly_ws/build/controller_core/build/lib
[1.329s] creating /home/rsl/crazyfly_ws/build/controller_core/build/lib/controller_core
[1.330s] copying controller_core/ctrl_node.py -> /home/rsl/crazyfly_ws/build/controller_core/build/lib/controller_core
[1.330s] copying controller_core/__init__.py -> /home/rsl/crazyfly_ws/build/controller_core/build/lib/controller_core
[1.330s] running install
[1.331s] running install_lib
[1.331s] creating /home/rsl/crazyfly_ws/install/controller_core/lib/python3.10/site-packages/controller_core
[1.331s] copying /home/rsl/crazyfly_ws/build/controller_core/build/lib/controller_core/ctrl_node.py -> /home/rsl/crazyfly_ws/install/controller_core/lib/python3.10/site-packages/controller_core
[1.331s] copying /home/rsl/crazyfly_ws/build/controller_core/build/lib/controller_core/__init__.py -> /home/rsl/crazyfly_ws/install/controller_core/lib/python3.10/site-packages/controller_core
[1.332s] byte-compiling /home/rsl/crazyfly_ws/install/controller_core/lib/python3.10/site-packages/controller_core/ctrl_node.py to ctrl_node.cpython-310.pyc
[1.332s] byte-compiling /home/rsl/crazyfly_ws/install/controller_core/lib/python3.10/site-packages/controller_core/__init__.py to __init__.cpython-310.pyc
[1.333s] running install_data
[1.333s] creating /home/rsl/crazyfly_ws/install/controller_core/share/ament_index
[1.334s] creating /home/rsl/crazyfly_ws/install/controller_core/share/ament_index/resource_index
[1.334s] creating /home/rsl/crazyfly_ws/install/controller_core/share/ament_index/resource_index/packages
[1.335s] copying resource/controller_core -> /home/rsl/crazyfly_ws/install/controller_core/share/ament_index/resource_index/packages
[1.336s] copying package.xml -> /home/rsl/crazyfly_ws/install/controller_core/share/controller_core
[1.336s] running install_egg_info
[1.338s] Copying ../../build/controller_core/controller_core.egg-info to /home/rsl/crazyfly_ws/install/controller_core/lib/python3.10/site-packages/controller_core-0.0.0-py3.10.egg-info
[1.338s] running install_scripts
[1.349s] Installing ctrl_node script to /home/rsl/crazyfly_ws/install/controller_core/lib/controller_core
[1.350s] writing list of installed files to '/home/rsl/crazyfly_ws/build/controller_core/install.log'
[1.385s] Invoked command in '/home/rsl/crazyfly_ws/src/controller_core' returned '0': PYTHONPATH=/home/rsl/crazyfly_ws/build/controller_core/prefix_override:/home/rsl/crazyfly_ws/install/controller_core/lib/python3.10/site-packages:${PYTHONPATH} /usr/bin/python3 -W ignore:setup.py install is deprecated setup.py egg_info --egg-base ../../build/controller_core build --build-base /home/rsl/crazyfly_ws/build/controller_core/build install --record /home/rsl/crazyfly_ws/build/controller_core/install.log --single-version-externally-managed install_data
