[1.529s] Invoking command in '/home/rsl/crazyfly_ws/src/optitrack_core': PYTHONPATH=/home/rsl/crazyfly_ws/build/optitrack_core/prefix_override:/home/rsl/crazyfly_ws/install/optitrack_core/lib/python3.10/site-packages:${PYTHONPATH} /usr/bin/python3 -W ignore:setup.py install is deprecated setup.py egg_info --egg-base ../../build/optitrack_core build --build-base /home/rsl/crazyfly_ws/build/optitrack_core/build install --record /home/rsl/crazyfly_ws/build/optitrack_core/install.log --single-version-externally-managed install_data
[1.837s] running egg_info
[1.845s] writing ../../build/optitrack_core/optitrack_core.egg-info/PKG-INFO
[1.845s] writing dependency_links to ../../build/optitrack_core/optitrack_core.egg-info/dependency_links.txt
[1.845s] writing entry points to ../../build/optitrack_core/optitrack_core.egg-info/entry_points.txt
[1.846s] writing requirements to ../../build/optitrack_core/optitrack_core.egg-info/requires.txt
[1.846s] writing top-level names to ../../build/optitrack_core/optitrack_core.egg-info/top_level.txt
[1.849s] reading manifest file '../../build/optitrack_core/optitrack_core.egg-info/SOURCES.txt'
[1.849s] adding license file 'LICENSE'
[1.850s] writing manifest file '../../build/optitrack_core/optitrack_core.egg-info/SOURCES.txt'
[1.850s] running build
[1.850s] running build_py
[1.850s] running install
[1.852s] running install_lib
[1.853s] running install_data
[1.853s] running install_egg_info
[1.855s] removing '/home/rsl/crazyfly_ws/install/optitrack_core/lib/python3.10/site-packages/optitrack_core-0.0.0-py3.10.egg-info' (and everything under it)
[1.856s] Copying ../../build/optitrack_core/optitrack_core.egg-info to /home/rsl/crazyfly_ws/install/optitrack_core/lib/python3.10/site-packages/optitrack_core-0.0.0-py3.10.egg-info
[1.857s] running install_scripts
[1.881s] Installing get_data script to /home/rsl/crazyfly_ws/install/optitrack_core/lib/optitrack_core
[1.885s] writing list of installed files to '/home/rsl/crazyfly_ws/build/optitrack_core/install.log'
[1.926s] Invoked command in '/home/rsl/crazyfly_ws/src/optitrack_core' returned '0': PYTHONPATH=/home/rsl/crazyfly_ws/build/optitrack_core/prefix_override:/home/rsl/crazyfly_ws/install/optitrack_core/lib/python3.10/site-packages:${PYTHONPATH} /usr/bin/python3 -W ignore:setup.py install is deprecated setup.py egg_info --egg-base ../../build/optitrack_core build --build-base /home/rsl/crazyfly_ws/build/optitrack_core/build install --record /home/rsl/crazyfly_ws/build/optitrack_core/install.log --single-version-externally-managed install_data
