[1.379s] Invoking command in '/home/rsl/crazyfly_ws/src/crazyfly_core': PYTHONPATH=/home/rsl/crazyfly_ws/build/crazyfly_core/prefix_override:/home/rsl/crazyfly_ws/install/crazyfly_core/lib/python3.10/site-packages:${PYTHONPATH} /usr/bin/python3 -W ignore:setup.py install is deprecated setup.py egg_info --egg-base ../../build/crazyfly_core build --build-base /home/rsl/crazyfly_ws/build/crazyfly_core/build install --record /home/rsl/crazyfly_ws/build/crazyfly_core/install.log --single-version-externally-managed install_data
[1.677s] running egg_info
[1.686s] writing ../../build/crazyfly_core/crazyfly_core.egg-info/PKG-INFO
[1.687s] writing dependency_links to ../../build/crazyfly_core/crazyfly_core.egg-info/dependency_links.txt
[1.687s] writing entry points to ../../build/crazyfly_core/crazyfly_core.egg-info/entry_points.txt
[1.687s] writing requirements to ../../build/crazyfly_core/crazyfly_core.egg-info/requires.txt
[1.688s] writing top-level names to ../../build/crazyfly_core/crazyfly_core.egg-info/top_level.txt
[1.693s] reading manifest file '../../build/crazyfly_core/crazyfly_core.egg-info/SOURCES.txt'
[1.693s] adding license file 'LICENSE'
[1.694s] writing manifest file '../../build/crazyfly_core/crazyfly_core.egg-info/SOURCES.txt'
[1.694s] running build
[1.694s] running build_py
[1.696s] running install
[1.696s] running install_lib
[1.699s] running install_data
[1.699s] running install_egg_info
[1.701s] removing '/home/rsl/crazyfly_ws/install/crazyfly_core/lib/python3.10/site-packages/crazyfly_core-0.0.0-py3.10.egg-info' (and everything under it)
[1.702s] Copying ../../build/crazyfly_core/crazyfly_core.egg-info to /home/rsl/crazyfly_ws/install/crazyfly_core/lib/python3.10/site-packages/crazyfly_core-0.0.0-py3.10.egg-info
[1.703s] running install_scripts
[1.732s] Installing cf_command_controller script to /home/rsl/crazyfly_ws/install/crazyfly_core/lib/crazyfly_core
[1.732s] Installing cf_command_controller2 script to /home/rsl/crazyfly_ws/install/crazyfly_core/lib/crazyfly_core
[1.732s] Installing cf_driver script to /home/rsl/crazyfly_ws/install/crazyfly_core/lib/crazyfly_core
[1.732s] Installing cf_thrust_controller script to /home/rsl/crazyfly_ws/install/crazyfly_core/lib/crazyfly_core
[1.733s] Installing clusterController script to /home/rsl/crazyfly_ws/install/crazyfly_core/lib/crazyfly_core
[1.733s] Installing clusterControllerClass script to /home/rsl/crazyfly_ws/install/crazyfly_core/lib/crazyfly_core
[1.733s] Installing clusterControllerClass_new script to /home/rsl/crazyfly_ws/install/crazyfly_core/lib/crazyfly_core
[1.733s] Installing fake_thrust_pub script to /home/rsl/crazyfly_ws/install/crazyfly_core/lib/crazyfly_core
[1.733s] Installing optitrack_subscriber script to /home/rsl/crazyfly_ws/install/crazyfly_core/lib/crazyfly_core
[1.734s] Installing optitrack_subscriber2 script to /home/rsl/crazyfly_ws/install/crazyfly_core/lib/crazyfly_core
[1.734s] Installing pid_controller_cf1 script to /home/rsl/crazyfly_ws/install/crazyfly_core/lib/crazyfly_core
[1.734s] Installing pid_controller_cf2 script to /home/rsl/crazyfly_ws/install/crazyfly_core/lib/crazyfly_core
[1.734s] writing list of installed files to '/home/rsl/crazyfly_ws/build/crazyfly_core/install.log'
[1.765s] Invoked command in '/home/rsl/crazyfly_ws/src/crazyfly_core' returned '0': PYTHONPATH=/home/rsl/crazyfly_ws/build/crazyfly_core/prefix_override:/home/rsl/crazyfly_ws/install/crazyfly_core/lib/python3.10/site-packages:${PYTHONPATH} /usr/bin/python3 -W ignore:setup.py install is deprecated setup.py egg_info --egg-base ../../build/crazyfly_core build --build-base /home/rsl/crazyfly_ws/build/crazyfly_core/build install --record /home/rsl/crazyfly_ws/build/crazyfly_core/install.log --single-version-externally-managed install_data
