[1.545s] Invoking command in '/home/rsl/crazyfly_ws/src/controller_core': PYTHONPATH=/home/rsl/crazyfly_ws/build/controller_core/prefix_override:/home/rsl/crazyfly_ws/install/controller_core/lib/python3.10/site-packages:${PYTHONPATH} /usr/bin/python3 -W ignore:setup.py install is deprecated setup.py egg_info --egg-base ../../build/controller_core build --build-base /home/rsl/crazyfly_ws/build/controller_core/build install --record /home/rsl/crazyfly_ws/build/controller_core/install.log --single-version-externally-managed install_data
[1.991s] running egg_info
[2.014s] writing ../../build/controller_core/controller_core.egg-info/PKG-INFO
[2.015s] writing dependency_links to ../../build/controller_core/controller_core.egg-info/dependency_links.txt
[2.017s] writing entry points to ../../build/controller_core/controller_core.egg-info/entry_points.txt
[2.018s] writing requirements to ../../build/controller_core/controller_core.egg-info/requires.txt
[2.018s] writing top-level names to ../../build/controller_core/controller_core.egg-info/top_level.txt
[2.023s] reading manifest file '../../build/controller_core/controller_core.egg-info/SOURCES.txt'
[2.023s] adding license file 'LICENSE'
[2.024s] writing manifest file '../../build/controller_core/controller_core.egg-info/SOURCES.txt'
[2.024s] running build
[2.026s] running build_py
[2.026s] running install
[2.026s] running install_lib
[2.027s] running install_data
[2.028s] running install_egg_info
[2.033s] removing '/home/rsl/crazyfly_ws/install/controller_core/lib/python3.10/site-packages/controller_core-0.0.0-py3.10.egg-info' (and everything under it)
[2.034s] Copying ../../build/controller_core/controller_core.egg-info to /home/rsl/crazyfly_ws/install/controller_core/lib/python3.10/site-packages/controller_core-0.0.0-py3.10.egg-info
[2.035s] running install_scripts
[2.129s] Installing ctrl_node script to /home/rsl/crazyfly_ws/install/controller_core/lib/controller_core
[2.130s] writing list of installed files to '/home/rsl/crazyfly_ws/build/controller_core/install.log'
[2.167s] Invoked command in '/home/rsl/crazyfly_ws/src/controller_core' returned '0': PYTHONPATH=/home/rsl/crazyfly_ws/build/controller_core/prefix_override:/home/rsl/crazyfly_ws/install/controller_core/lib/python3.10/site-packages:${PYTHONPATH} /usr/bin/python3 -W ignore:setup.py install is deprecated setup.py egg_info --egg-base ../../build/controller_core build --build-base /home/rsl/crazyfly_ws/build/controller_core/build install --record /home/rsl/crazyfly_ws/build/controller_core/install.log --single-version-externally-managed install_data
