running egg_info
creating ../../build/crazyfly_core/crazyfly_core.egg-info
writing ../../build/crazyfly_core/crazyfly_core.egg-info/PKG-INFO
writing dependency_links to ../../build/crazyfly_core/crazyfly_core.egg-info/dependency_links.txt
writing entry points to ../../build/crazyfly_core/crazyfly_core.egg-info/entry_points.txt
writing requirements to ../../build/crazyfly_core/crazyfly_core.egg-info/requires.txt
writing top-level names to ../../build/crazyfly_core/crazyfly_core.egg-info/top_level.txt
writing manifest file '../../build/crazyfly_core/crazyfly_core.egg-info/SOURCES.txt'
reading manifest file '../../build/crazyfly_core/crazyfly_core.egg-info/SOURCES.txt'
adding license file 'LICENSE'
writing manifest file '../../build/crazyfly_core/crazyfly_core.egg-info/SOURCES.txt'
running build
running build_py
creating /home/rsl/crazyfly_ws/build/crazyfly_core/build
creating /home/rsl/crazyfly_ws/build/crazyfly_core/build/lib
creating /home/rsl/crazyfly_ws/build/crazyfly_core/build/lib/crazyfly_core
copying crazyfly_core/cf_driver.py -> /home/rsl/crazyfly_ws/build/crazyfly_core/build/lib/crazyfly_core
copying crazyfly_core/__init__.py -> /home/rsl/crazyfly_ws/build/crazyfly_core/build/lib/crazyfly_core
running install
running install_lib
creating /home/rsl/crazyfly_ws/install/crazyfly_core/lib/python3.10/site-packages/crazyfly_core
copying /home/rsl/crazyfly_ws/build/crazyfly_core/build/lib/crazyfly_core/cf_driver.py -> /home/rsl/crazyfly_ws/install/crazyfly_core/lib/python3.10/site-packages/crazyfly_core
copying /home/rsl/crazyfly_ws/build/crazyfly_core/build/lib/crazyfly_core/__init__.py -> /home/rsl/crazyfly_ws/install/crazyfly_core/lib/python3.10/site-packages/crazyfly_core
byte-compiling /home/rsl/crazyfly_ws/install/crazyfly_core/lib/python3.10/site-packages/crazyfly_core/cf_driver.py to cf_driver.cpython-310.pyc
byte-compiling /home/rsl/crazyfly_ws/install/crazyfly_core/lib/python3.10/site-packages/crazyfly_core/__init__.py to __init__.cpython-310.pyc
running install_data
creating /home/rsl/crazyfly_ws/install/crazyfly_core/share/ament_index
creating /home/rsl/crazyfly_ws/install/crazyfly_core/share/ament_index/resource_index
creating /home/rsl/crazyfly_ws/install/crazyfly_core/share/ament_index/resource_index/packages
copying resource/crazyfly_core -> /home/rsl/crazyfly_ws/install/crazyfly_core/share/ament_index/resource_index/packages
copying package.xml -> /home/rsl/crazyfly_ws/install/crazyfly_core/share/crazyfly_core
running install_egg_info
Copying ../../build/crazyfly_core/crazyfly_core.egg-info to /home/rsl/crazyfly_ws/install/crazyfly_core/lib/python3.10/site-packages/crazyfly_core-0.0.0-py3.10.egg-info
running install_scripts
Installing cf_driver script to /home/rsl/crazyfly_ws/install/crazyfly_core/lib/crazyfly_core
writing list of installed files to '/home/rsl/crazyfly_ws/build/crazyfly_core/install.log'
