[1.084s] Invoking command in '/home/rsl/crazyfly_ws/src/crazyfly_core': PYTHONPATH=/home/rsl/crazyfly_ws/build/crazyfly_core/prefix_override:/home/rsl/crazyfly_ws/install/crazyfly_core/lib/python3.10/site-packages:${PYTHONPATH} /usr/bin/python3 -W ignore:setup.py install is deprecated setup.py egg_info --egg-base ../../build/crazyfly_core build --build-base /home/rsl/crazyfly_ws/build/crazyfly_core/build install --record /home/rsl/crazyfly_ws/build/crazyfly_core/install.log --single-version-externally-managed install_data
[1.302s] running egg_info
[1.303s] creating ../../build/crazyfly_core/crazyfly_core.egg-info
[1.311s] writing ../../build/crazyfly_core/crazyfly_core.egg-info/PKG-INFO
[1.312s] writing dependency_links to ../../build/crazyfly_core/crazyfly_core.egg-info/dependency_links.txt
[1.312s] writing entry points to ../../build/crazyfly_core/crazyfly_core.egg-info/entry_points.txt
[1.312s] writing requirements to ../../build/crazyfly_core/crazyfly_core.egg-info/requires.txt
[1.312s] writing top-level names to ../../build/crazyfly_core/crazyfly_core.egg-info/top_level.txt
[1.313s] writing manifest file '../../build/crazyfly_core/crazyfly_core.egg-info/SOURCES.txt'
[1.314s] reading manifest file '../../build/crazyfly_core/crazyfly_core.egg-info/SOURCES.txt'
[1.314s] adding license file 'LICENSE'
[1.316s] writing manifest file '../../build/crazyfly_core/crazyfly_core.egg-info/SOURCES.txt'
[1.316s] running build
[1.316s] running build_py
[1.318s] creating /home/rsl/crazyfly_ws/build/crazyfly_core/build
[1.319s] creating /home/rsl/crazyfly_ws/build/crazyfly_core/build/lib
[1.319s] creating /home/rsl/crazyfly_ws/build/crazyfly_core/build/lib/crazyfly_core
[1.319s] copying crazyfly_core/cf_driver.py -> /home/rsl/crazyfly_ws/build/crazyfly_core/build/lib/crazyfly_core
[1.321s] copying crazyfly_core/__init__.py -> /home/rsl/crazyfly_ws/build/crazyfly_core/build/lib/crazyfly_core
[1.322s] running install
[1.322s] running install_lib
[1.323s] creating /home/rsl/crazyfly_ws/install/crazyfly_core/lib/python3.10/site-packages/crazyfly_core
[1.323s] copying /home/rsl/crazyfly_ws/build/crazyfly_core/build/lib/crazyfly_core/cf_driver.py -> /home/rsl/crazyfly_ws/install/crazyfly_core/lib/python3.10/site-packages/crazyfly_core
[1.323s] copying /home/rsl/crazyfly_ws/build/crazyfly_core/build/lib/crazyfly_core/__init__.py -> /home/rsl/crazyfly_ws/install/crazyfly_core/lib/python3.10/site-packages/crazyfly_core
[1.324s] byte-compiling /home/rsl/crazyfly_ws/install/crazyfly_core/lib/python3.10/site-packages/crazyfly_core/cf_driver.py to cf_driver.cpython-310.pyc
[1.324s] byte-compiling /home/rsl/crazyfly_ws/install/crazyfly_core/lib/python3.10/site-packages/crazyfly_core/__init__.py to __init__.cpython-310.pyc
[1.324s] running install_data
[1.324s] creating /home/rsl/crazyfly_ws/install/crazyfly_core/share/ament_index
[1.324s] creating /home/rsl/crazyfly_ws/install/crazyfly_core/share/ament_index/resource_index
[1.325s] creating /home/rsl/crazyfly_ws/install/crazyfly_core/share/ament_index/resource_index/packages
[1.325s] copying resource/crazyfly_core -> /home/rsl/crazyfly_ws/install/crazyfly_core/share/ament_index/resource_index/packages
[1.326s] copying package.xml -> /home/rsl/crazyfly_ws/install/crazyfly_core/share/crazyfly_core
[1.327s] running install_egg_info
[1.329s] Copying ../../build/crazyfly_core/crazyfly_core.egg-info to /home/rsl/crazyfly_ws/install/crazyfly_core/lib/python3.10/site-packages/crazyfly_core-0.0.0-py3.10.egg-info
[1.330s] running install_scripts
[1.341s] Installing cf_driver script to /home/rsl/crazyfly_ws/install/crazyfly_core/lib/crazyfly_core
[1.342s] writing list of installed files to '/home/rsl/crazyfly_ws/build/crazyfly_core/install.log'
[1.393s] Invoked command in '/home/rsl/crazyfly_ws/src/crazyfly_core' returned '0': PYTHONPATH=/home/rsl/crazyfly_ws/build/crazyfly_core/prefix_override:/home/rsl/crazyfly_ws/install/crazyfly_core/lib/python3.10/site-packages:${PYTHONPATH} /usr/bin/python3 -W ignore:setup.py install is deprecated setup.py egg_info --egg-base ../../build/crazyfly_core build --build-base /home/rsl/crazyfly_ws/build/crazyfly_core/build install --record /home/rsl/crazyfly_ws/build/crazyfly_core/install.log --single-version-externally-managed install_data
