[1.640s] Invoking command in '/home/rsl/crazyfly_ws/src/optitrack_core': PYTHONPATH=/home/rsl/crazyfly_ws/build/optitrack_core/prefix_override:/home/rsl/crazyfly_ws/install/optitrack_core/lib/python3.10/site-packages:${PYTHONPATH} /usr/bin/python3 -W ignore:setup.py install is deprecated setup.py egg_info --egg-base ../../build/optitrack_core build --build-base /home/rsl/crazyfly_ws/build/optitrack_core/build install --record /home/rsl/crazyfly_ws/build/optitrack_core/install.log --single-version-externally-managed install_data
[2.225s] running egg_info
[2.237s] writing ../../build/optitrack_core/optitrack_core.egg-info/PKG-INFO
[2.237s] writing dependency_links to ../../build/optitrack_core/optitrack_core.egg-info/dependency_links.txt
[2.237s] writing entry points to ../../build/optitrack_core/optitrack_core.egg-info/entry_points.txt
[2.237s] writing requirements to ../../build/optitrack_core/optitrack_core.egg-info/requires.txt
[2.237s] writing top-level names to ../../build/optitrack_core/optitrack_core.egg-info/top_level.txt
[2.242s] reading manifest file '../../build/optitrack_core/optitrack_core.egg-info/SOURCES.txt'
[2.243s] adding license file 'LICENSE'
[2.244s] writing manifest file '../../build/optitrack_core/optitrack_core.egg-info/SOURCES.txt'
[2.244s] running build
[2.244s] running build_py
[2.244s] running install
[2.245s] running install_lib
[2.247s] running install_data
[2.247s] running install_egg_info
[2.251s] removing '/home/rsl/crazyfly_ws/install/optitrack_core/lib/python3.10/site-packages/optitrack_core-0.0.0-py3.10.egg-info' (and everything under it)
[2.251s] Copying ../../build/optitrack_core/optitrack_core.egg-info to /home/rsl/crazyfly_ws/install/optitrack_core/lib/python3.10/site-packages/optitrack_core-0.0.0-py3.10.egg-info
[2.253s] running install_scripts
[2.290s] Installing get_data script to /home/rsl/crazyfly_ws/install/optitrack_core/lib/optitrack_core
[2.292s] writing list of installed files to '/home/rsl/crazyfly_ws/build/optitrack_core/install.log'
[2.342s] Invoked command in '/home/rsl/crazyfly_ws/src/optitrack_core' returned '0': PYTHONPATH=/home/rsl/crazyfly_ws/build/optitrack_core/prefix_override:/home/rsl/crazyfly_ws/install/optitrack_core/lib/python3.10/site-packages:${PYTHONPATH} /usr/bin/python3 -W ignore:setup.py install is deprecated setup.py egg_info --egg-base ../../build/optitrack_core build --build-base /home/rsl/crazyfly_ws/build/optitrack_core/build install --record /home/rsl/crazyfly_ws/build/optitrack_core/install.log --single-version-externally-managed install_data
