/home/rsl/crazyfly_ws/install/crazyfly_core/lib/python3.10/site-packages/crazyfly_core/clusterControllerClass.py
/home/rsl/crazyfly_ws/install/crazyfly_core/lib/python3.10/site-packages/crazyfly_core/optitrack_subscriber2.py
/home/rsl/crazyfly_ws/install/crazyfly_core/lib/python3.10/site-packages/crazyfly_core/cf_command_controller2.py
/home/rsl/crazyfly_ws/install/crazyfly_core/lib/python3.10/site-packages/crazyfly_core/cluster_new.py
/home/rsl/crazyfly_ws/install/crazyfly_core/lib/python3.10/site-packages/crazyfly_core/cluster.py
/home/rsl/crazyfly_ws/install/crazyfly_core/lib/python3.10/site-packages/crazyfly_core/clusterOptitrackSubscriber.py
/home/rsl/crazyfly_ws/install/crazyfly_core/lib/python3.10/site-packages/crazyfly_core/cf_command_controller.py
/home/rsl/crazyfly_ws/install/crazyfly_core/lib/python3.10/site-packages/crazyfly_core/pid_controller_cf1.py
/home/rsl/crazyfly_ws/install/crazyfly_core/lib/python3.10/site-packages/crazyfly_core/flightplots.py
/home/rsl/crazyfly_ws/install/crazyfly_core/lib/python3.10/site-packages/crazyfly_core/clusterControllerClass_new.py
/home/rsl/crazyfly_ws/install/crazyfly_core/lib/python3.10/site-packages/crazyfly_core/clusterTesting.py
/home/rsl/crazyfly_ws/install/crazyfly_core/lib/python3.10/site-packages/crazyfly_core/pid_controller_cf2.py
/home/rsl/crazyfly_ws/install/crazyfly_core/lib/python3.10/site-packages/crazyfly_core/__init__.py
/home/rsl/crazyfly_ws/install/crazyfly_core/lib/python3.10/site-packages/crazyfly_core/__pycache__/clusterControllerClass.cpython-310.pyc
/home/rsl/crazyfly_ws/install/crazyfly_core/lib/python3.10/site-packages/crazyfly_core/__pycache__/optitrack_subscriber2.cpython-310.pyc
/home/rsl/crazyfly_ws/install/crazyfly_core/lib/python3.10/site-packages/crazyfly_core/__pycache__/cf_command_controller2.cpython-310.pyc
/home/rsl/crazyfly_ws/install/crazyfly_core/lib/python3.10/site-packages/crazyfly_core/__pycache__/cluster_new.cpython-310.pyc
/home/rsl/crazyfly_ws/install/crazyfly_core/lib/python3.10/site-packages/crazyfly_core/__pycache__/cluster.cpython-310.pyc
/home/rsl/crazyfly_ws/install/crazyfly_core/lib/python3.10/site-packages/crazyfly_core/__pycache__/clusterOptitrackSubscriber.cpython-310.pyc
/home/rsl/crazyfly_ws/install/crazyfly_core/lib/python3.10/site-packages/crazyfly_core/__pycache__/cf_command_controller.cpython-310.pyc
/home/rsl/crazyfly_ws/install/crazyfly_core/lib/python3.10/site-packages/crazyfly_core/__pycache__/pid_controller_cf1.cpython-310.pyc
/home/rsl/crazyfly_ws/install/crazyfly_core/lib/python3.10/site-packages/crazyfly_core/__pycache__/flightplots.cpython-310.pyc
/home/rsl/crazyfly_ws/install/crazyfly_core/lib/python3.10/site-packages/crazyfly_core/__pycache__/clusterControllerClass_new.cpython-310.pyc
/home/rsl/crazyfly_ws/install/crazyfly_core/lib/python3.10/site-packages/crazyfly_core/__pycache__/clusterTesting.cpython-310.pyc
/home/rsl/crazyfly_ws/install/crazyfly_core/lib/python3.10/site-packages/crazyfly_core/__pycache__/pid_controller_cf2.cpython-310.pyc
/home/rsl/crazyfly_ws/install/crazyfly_core/lib/python3.10/site-packages/crazyfly_core/__pycache__/__init__.cpython-310.pyc
/home/rsl/crazyfly_ws/install/crazyfly_core/share/ament_index/resource_index/packages/crazyfly_core
/home/rsl/crazyfly_ws/install/crazyfly_core/share/crazyfly_core/package.xml
/home/rsl/crazyfly_ws/install/crazyfly_core/lib/python3.10/site-packages/crazyfly_core-0.0.0-py3.10.egg-info/top_level.txt
/home/rsl/crazyfly_ws/install/crazyfly_core/lib/python3.10/site-packages/crazyfly_core-0.0.0-py3.10.egg-info/requires.txt
/home/rsl/crazyfly_ws/install/crazyfly_core/lib/python3.10/site-packages/crazyfly_core-0.0.0-py3.10.egg-info/dependency_links.txt
/home/rsl/crazyfly_ws/install/crazyfly_core/lib/python3.10/site-packages/crazyfly_core-0.0.0-py3.10.egg-info/entry_points.txt
/home/rsl/crazyfly_ws/install/crazyfly_core/lib/python3.10/site-packages/crazyfly_core-0.0.0-py3.10.egg-info/PKG-INFO
/home/rsl/crazyfly_ws/install/crazyfly_core/lib/python3.10/site-packages/crazyfly_core-0.0.0-py3.10.egg-info/SOURCES.txt
/home/rsl/crazyfly_ws/install/crazyfly_core/lib/python3.10/site-packages/crazyfly_core-0.0.0-py3.10.egg-info/zip-safe
/home/rsl/crazyfly_ws/install/crazyfly_core/lib/crazyfly_core/cf_command_controller
/home/rsl/crazyfly_ws/install/crazyfly_core/lib/crazyfly_core/cf_command_controller2
/home/rsl/crazyfly_ws/install/crazyfly_core/lib/crazyfly_core/cf_driver
/home/rsl/crazyfly_ws/install/crazyfly_core/lib/crazyfly_core/cf_thrust_controller
/home/rsl/crazyfly_ws/install/crazyfly_core/lib/crazyfly_core/clusterController
/home/rsl/crazyfly_ws/install/crazyfly_core/lib/crazyfly_core/clusterControllerClass
/home/rsl/crazyfly_ws/install/crazyfly_core/lib/crazyfly_core/clusterControllerClass_new
/home/rsl/crazyfly_ws/install/crazyfly_core/lib/crazyfly_core/fake_thrust_pub
/home/rsl/crazyfly_ws/install/crazyfly_core/lib/crazyfly_core/optitrack_subscriber
/home/rsl/crazyfly_ws/install/crazyfly_core/lib/crazyfly_core/optitrack_subscriber2
/home/rsl/crazyfly_ws/install/crazyfly_core/lib/crazyfly_core/pid_controller_cf1
/home/rsl/crazyfly_ws/install/crazyfly_core/lib/crazyfly_core/pid_controller_cf2
