[1.187s] Invoking command in '/home/rsl/crazyfly_ws/src/controller_core': PYTHONPATH=/home/rsl/crazyfly_ws/build/controller_core/prefix_override:/home/rsl/crazyfly_ws/install/controller_core/lib/python3.10/site-packages:${PYTHONPATH} /usr/bin/python3 -W ignore:setup.py install is deprecated setup.py egg_info --egg-base ../../build/controller_core build --build-base /home/rsl/crazyfly_ws/build/controller_core/build install --record /home/rsl/crazyfly_ws/build/controller_core/install.log --single-version-externally-managed install_data
[1.429s] running egg_info
[1.430s] creating ../../build/controller_core/controller_core.egg-info
[1.436s] writing ../../build/controller_core/controller_core.egg-info/PKG-INFO
[1.436s] writing dependency_links to ../../build/controller_core/controller_core.egg-info/dependency_links.txt
[1.437s] writing entry points to ../../build/controller_core/controller_core.egg-info/entry_points.txt
[1.437s] writing requirements to ../../build/controller_core/controller_core.egg-info/requires.txt
[1.437s] writing top-level names to ../../build/controller_core/controller_core.egg-info/top_level.txt
[1.437s] writing manifest file '../../build/controller_core/controller_core.egg-info/SOURCES.txt'
[1.440s] reading manifest file '../../build/controller_core/controller_core.egg-info/SOURCES.txt'
[1.440s] adding license file 'LICENSE'
[1.440s] writing manifest file '../../build/controller_core/controller_core.egg-info/SOURCES.txt'
[1.440s] running build
[1.441s] running build_py
[1.441s] creating /home/rsl/crazyfly_ws/build/controller_core/build
[1.441s] creating /home/rsl/crazyfly_ws/build/controller_core/build/lib
[1.441s] creating /home/rsl/crazyfly_ws/build/controller_core/build/lib/controller_core
[1.441s] copying controller_core/ctrl_node.py -> /home/rsl/crazyfly_ws/build/controller_core/build/lib/controller_core
[1.441s] copying controller_core/__init__.py -> /home/rsl/crazyfly_ws/build/controller_core/build/lib/controller_core
[1.442s] running install
[1.442s] running install_lib
[1.442s] creating /home/rsl/crazyfly_ws/install/controller_core/lib/python3.10/site-packages/controller_core
[1.442s] copying /home/rsl/crazyfly_ws/build/controller_core/build/lib/controller_core/ctrl_node.py -> /home/rsl/crazyfly_ws/install/controller_core/lib/python3.10/site-packages/controller_core
[1.442s] copying /home/rsl/crazyfly_ws/build/controller_core/build/lib/controller_core/__init__.py -> /home/rsl/crazyfly_ws/install/controller_core/lib/python3.10/site-packages/controller_core
[1.443s] byte-compiling /home/rsl/crazyfly_ws/install/controller_core/lib/python3.10/site-packages/controller_core/ctrl_node.py to ctrl_node.cpython-310.pyc
[1.443s] byte-compiling /home/rsl/crazyfly_ws/install/controller_core/lib/python3.10/site-packages/controller_core/__init__.py to __init__.cpython-310.pyc
[1.444s] running install_data
[1.444s] creating /home/rsl/crazyfly_ws/install/controller_core/share/ament_index
[1.444s] creating /home/rsl/crazyfly_ws/install/controller_core/share/ament_index/resource_index
[1.444s] creating /home/rsl/crazyfly_ws/install/controller_core/share/ament_index/resource_index/packages
[1.444s] copying resource/controller_core -> /home/rsl/crazyfly_ws/install/controller_core/share/ament_index/resource_index/packages
[1.445s] copying package.xml -> /home/rsl/crazyfly_ws/install/controller_core/share/controller_core
[1.445s] running install_egg_info
[1.446s] Copying ../../build/controller_core/controller_core.egg-info to /home/rsl/crazyfly_ws/install/controller_core/lib/python3.10/site-packages/controller_core-0.0.0-py3.10.egg-info
[1.447s] running install_scripts
[1.468s] Installing ctrl_node script to /home/rsl/crazyfly_ws/install/controller_core/lib/controller_core
[1.468s] writing list of installed files to '/home/rsl/crazyfly_ws/build/controller_core/install.log'
[1.502s] Invoked command in '/home/rsl/crazyfly_ws/src/controller_core' returned '0': PYTHONPATH=/home/rsl/crazyfly_ws/build/controller_core/prefix_override:/home/rsl/crazyfly_ws/install/controller_core/lib/python3.10/site-packages:${PYTHONPATH} /usr/bin/python3 -W ignore:setup.py install is deprecated setup.py egg_info --egg-base ../../build/controller_core build --build-base /home/rsl/crazyfly_ws/build/controller_core/build install --record /home/rsl/crazyfly_ws/build/controller_core/install.log --single-version-externally-managed install_data
