[1.206s] Invoking command in '/home/rsl/crazyfly_ws/src/controller_core': PYTHONPATH=/home/rsl/crazyfly_ws/build/controller_core/prefix_override:/home/rsl/crazyfly_ws/install/controller_core/lib/python3.10/site-packages:${PYTHONPATH} /usr/bin/python3 -W ignore:setup.py install is deprecated setup.py egg_info --egg-base ../../build/controller_core build --build-base /home/rsl/crazyfly_ws/build/controller_core/build install --record /home/rsl/crazyfly_ws/build/controller_core/install.log --single-version-externally-managed install_data
[1.499s] running egg_info
[1.508s] writing ../../build/controller_core/controller_core.egg-info/PKG-INFO
[1.508s] writing dependency_links to ../../build/controller_core/controller_core.egg-info/dependency_links.txt
[1.509s] writing entry points to ../../build/controller_core/controller_core.egg-info/entry_points.txt
[1.509s] writing requirements to ../../build/controller_core/controller_core.egg-info/requires.txt
[1.509s] writing top-level names to ../../build/controller_core/controller_core.egg-info/top_level.txt
[1.513s] reading manifest file '../../build/controller_core/controller_core.egg-info/SOURCES.txt'
[1.513s] adding license file 'LICENSE'
[1.514s] writing manifest file '../../build/controller_core/controller_core.egg-info/SOURCES.txt'
[1.514s] running build
[1.514s] running build_py
[1.514s] running install
[1.515s] running install_lib
[1.516s] running install_data
[1.516s] running install_egg_info
[1.518s] removing '/home/rsl/crazyfly_ws/install/controller_core/lib/python3.10/site-packages/controller_core-0.0.0-py3.10.egg-info' (and everything under it)
[1.518s] Copying ../../build/controller_core/controller_core.egg-info to /home/rsl/crazyfly_ws/install/controller_core/lib/python3.10/site-packages/controller_core-0.0.0-py3.10.egg-info
[1.519s] running install_scripts
[1.544s] Installing ctrl_node script to /home/rsl/crazyfly_ws/install/controller_core/lib/controller_core
[1.545s] writing list of installed files to '/home/rsl/crazyfly_ws/build/controller_core/install.log'
[1.581s] Invoked command in '/home/rsl/crazyfly_ws/src/controller_core' returned '0': PYTHONPATH=/home/rsl/crazyfly_ws/build/controller_core/prefix_override:/home/rsl/crazyfly_ws/install/controller_core/lib/python3.10/site-packages:${PYTHONPATH} /usr/bin/python3 -W ignore:setup.py install is deprecated setup.py egg_info --egg-base ../../build/controller_core build --build-base /home/rsl/crazyfly_ws/build/controller_core/build install --record /home/rsl/crazyfly_ws/build/controller_core/install.log --single-version-externally-managed install_data
