[0.101s] DEBUG:colcon:Command line arguments: ['/usr/bin/colcon', 'build']
[0.101s] DEBUG:colcon:Parsed command line arguments: Namespace(log_base=None, log_level=None, verb_name='build', build_base='build', install_base='install', merge_install=False, symlink_install=False, test_result_base=None, continue_on_error=False, executor='parallel', parallel_workers=8, event_handlers=None, ignore_user_meta=False, metas=['./colcon.meta'], base_paths=['.'], packages_ignore=None, packages_ignore_regex=None, paths=None, packages_up_to=None, packages_up_to_regex=None, packages_above=None, packages_above_and_dependencies=None, packages_above_depth=None, packages_select_by_dep=None, packages_skip_by_dep=None, packages_skip_up_to=None, packages_select_build_failed=False, packages_skip_build_finished=False, packages_select_test_failures=False, packages_skip_test_passed=False, packages_select=None, packages_skip=None, packages_select_regex=None, packages_skip_regex=None, packages_start=None, packages_end=None, allow_overriding=[], cmake_args=None, cmake_target=None, cmake_target_skip_unavailable=False, cmake_clean_cache=False, cmake_clean_first=False, cmake_force_configure=False, ament_cmake_args=None, catkin_cmake_args=None, catkin_skip_building_tests=False, verb_parser=<colcon_defaults.argument_parser.defaults.DefaultArgumentsDecorator object at 0x74fe5e4d0cd0>, verb_extension=<colcon_core.verb.build.BuildVerb object at 0x74fe5e4d0130>, main=<bound method BuildVerb.main of <colcon_core.verb.build.BuildVerb object at 0x74fe5e4d0130>>)
[0.257s] Level 1:colcon.colcon_core.package_discovery:discover_packages(colcon_meta) check parameters
[0.257s] Level 1:colcon.colcon_core.package_discovery:discover_packages(recursive) check parameters
[0.257s] Level 1:colcon.colcon_core.package_discovery:discover_packages(ignore) check parameters
[0.257s] Level 1:colcon.colcon_core.package_discovery:discover_packages(path) check parameters
[0.257s] Level 1:colcon.colcon_core.package_discovery:discover_packages(colcon_meta) discover
[0.257s] Level 1:colcon.colcon_core.package_discovery:discover_packages(recursive) discover
[0.257s] INFO:colcon.colcon_core.package_discovery:Crawling recursively for packages in '/home/rsl/crazyfly_ws'
[0.257s] Level 1:colcon.colcon_core.package_identification:_identify(.) by extensions ['ignore', 'ignore_ament_install']
[0.257s] Level 1:colcon.colcon_core.package_identification:_identify(.) by extension 'ignore'
[0.257s] Level 1:colcon.colcon_core.package_identification:_identify(.) by extension 'ignore_ament_install'
[0.257s] Level 1:colcon.colcon_core.package_identification:_identify(.) by extensions ['colcon_pkg']
[0.257s] Level 1:colcon.colcon_core.package_identification:_identify(.) by extension 'colcon_pkg'
[0.257s] Level 1:colcon.colcon_core.package_identification:_identify(.) by extensions ['colcon_meta']
[0.257s] Level 1:colcon.colcon_core.package_identification:_identify(.) by extension 'colcon_meta'
[0.257s] Level 1:colcon.colcon_core.package_identification:_identify(.) by extensions ['ros']
[0.257s] Level 1:colcon.colcon_core.package_identification:_identify(.) by extension 'ros'
[0.268s] Level 1:colcon.colcon_core.package_identification:_identify(.) by extensions ['cmake', 'python']
[0.269s] Level 1:colcon.colcon_core.package_identification:_identify(.) by extension 'cmake'
[0.269s] Level 1:colcon.colcon_core.package_identification:_identify(.) by extension 'python'
[0.269s] Level 1:colcon.colcon_core.package_identification:_identify(.) by extensions ['python_setup_py']
[0.269s] Level 1:colcon.colcon_core.package_identification:_identify(.) by extension 'python_setup_py'
[0.269s] Level 1:colcon.colcon_core.package_identification:_identify(build) by extensions ['ignore', 'ignore_ament_install']
[0.269s] Level 1:colcon.colcon_core.package_identification:_identify(build) by extension 'ignore'
[0.269s] Level 1:colcon.colcon_core.package_identification:_identify(build) ignored
[0.269s] Level 1:colcon.colcon_core.package_identification:_identify(cache) by extensions ['ignore', 'ignore_ament_install']
[0.269s] Level 1:colcon.colcon_core.package_identification:_identify(cache) by extension 'ignore'
[0.269s] Level 1:colcon.colcon_core.package_identification:_identify(cache) by extension 'ignore_ament_install'
[0.269s] Level 1:colcon.colcon_core.package_identification:_identify(cache) by extensions ['colcon_pkg']
[0.269s] Level 1:colcon.colcon_core.package_identification:_identify(cache) by extension 'colcon_pkg'
[0.269s] Level 1:colcon.colcon_core.package_identification:_identify(cache) by extensions ['colcon_meta']
[0.269s] Level 1:colcon.colcon_core.package_identification:_identify(cache) by extension 'colcon_meta'
[0.269s] Level 1:colcon.colcon_core.package_identification:_identify(cache) by extensions ['ros']
[0.269s] Level 1:colcon.colcon_core.package_identification:_identify(cache) by extension 'ros'
[0.269s] Level 1:colcon.colcon_core.package_identification:_identify(cache) by extensions ['cmake', 'python']
[0.269s] Level 1:colcon.colcon_core.package_identification:_identify(cache) by extension 'cmake'
[0.269s] Level 1:colcon.colcon_core.package_identification:_identify(cache) by extension 'python'
[0.269s] Level 1:colcon.colcon_core.package_identification:_identify(cache) by extensions ['python_setup_py']
[0.269s] Level 1:colcon.colcon_core.package_identification:_identify(cache) by extension 'python_setup_py'
[0.270s] Level 1:colcon.colcon_core.package_identification:_identify(install) by extensions ['ignore', 'ignore_ament_install']
[0.270s] Level 1:colcon.colcon_core.package_identification:_identify(install) by extension 'ignore'
[0.270s] Level 1:colcon.colcon_core.package_identification:_identify(install) ignored
[0.270s] Level 1:colcon.colcon_core.package_identification:_identify(log) by extensions ['ignore', 'ignore_ament_install']
[0.270s] Level 1:colcon.colcon_core.package_identification:_identify(log) by extension 'ignore'
[0.270s] Level 1:colcon.colcon_core.package_identification:_identify(log) ignored
[0.270s] Level 1:colcon.colcon_core.package_identification:_identify(src) by extensions ['ignore', 'ignore_ament_install']
[0.270s] Level 1:colcon.colcon_core.package_identification:_identify(src) by extension 'ignore'
[0.270s] Level 1:colcon.colcon_core.package_identification:_identify(src) by extension 'ignore_ament_install'
[0.270s] Level 1:colcon.colcon_core.package_identification:_identify(src) by extensions ['colcon_pkg']
[0.270s] Level 1:colcon.colcon_core.package_identification:_identify(src) by extension 'colcon_pkg'
[0.270s] Level 1:colcon.colcon_core.package_identification:_identify(src) by extensions ['colcon_meta']
[0.270s] Level 1:colcon.colcon_core.package_identification:_identify(src) by extension 'colcon_meta'
[0.270s] Level 1:colcon.colcon_core.package_identification:_identify(src) by extensions ['ros']
[0.270s] Level 1:colcon.colcon_core.package_identification:_identify(src) by extension 'ros'
[0.270s] Level 1:colcon.colcon_core.package_identification:_identify(src) by extensions ['cmake', 'python']
[0.270s] Level 1:colcon.colcon_core.package_identification:_identify(src) by extension 'cmake'
[0.270s] Level 1:colcon.colcon_core.package_identification:_identify(src) by extension 'python'
[0.270s] Level 1:colcon.colcon_core.package_identification:_identify(src) by extensions ['python_setup_py']
[0.270s] Level 1:colcon.colcon_core.package_identification:_identify(src) by extension 'python_setup_py'
[0.271s] Level 1:colcon.colcon_core.package_identification:_identify(src/controller_core) by extensions ['ignore', 'ignore_ament_install']
[0.271s] Level 1:colcon.colcon_core.package_identification:_identify(src/controller_core) by extension 'ignore'
[0.271s] Level 1:colcon.colcon_core.package_identification:_identify(src/controller_core) by extension 'ignore_ament_install'
[0.271s] Level 1:colcon.colcon_core.package_identification:_identify(src/controller_core) by extensions ['colcon_pkg']
[0.271s] Level 1:colcon.colcon_core.package_identification:_identify(src/controller_core) by extension 'colcon_pkg'
[0.271s] Level 1:colcon.colcon_core.package_identification:_identify(src/controller_core) by extensions ['colcon_meta']
[0.271s] Level 1:colcon.colcon_core.package_identification:_identify(src/controller_core) by extension 'colcon_meta'
[0.271s] Level 1:colcon.colcon_core.package_identification:_identify(src/controller_core) by extensions ['ros']
[0.271s] Level 1:colcon.colcon_core.package_identification:_identify(src/controller_core) by extension 'ros'
[0.273s] DEBUG:colcon.colcon_core.package_identification:Package 'src/controller_core' with type 'ros.ament_python' and name 'controller_core'
[0.273s] Level 1:colcon.colcon_core.package_identification:_identify(src/crazyfly_core) by extensions ['ignore', 'ignore_ament_install']
[0.273s] Level 1:colcon.colcon_core.package_identification:_identify(src/crazyfly_core) by extension 'ignore'
[0.273s] Level 1:colcon.colcon_core.package_identification:_identify(src/crazyfly_core) by extension 'ignore_ament_install'
[0.273s] Level 1:colcon.colcon_core.package_identification:_identify(src/crazyfly_core) by extensions ['colcon_pkg']
[0.273s] Level 1:colcon.colcon_core.package_identification:_identify(src/crazyfly_core) by extension 'colcon_pkg'
[0.273s] Level 1:colcon.colcon_core.package_identification:_identify(src/crazyfly_core) by extensions ['colcon_meta']
[0.273s] Level 1:colcon.colcon_core.package_identification:_identify(src/crazyfly_core) by extension 'colcon_meta'
[0.273s] Level 1:colcon.colcon_core.package_identification:_identify(src/crazyfly_core) by extensions ['ros']
[0.273s] Level 1:colcon.colcon_core.package_identification:_identify(src/crazyfly_core) by extension 'ros'
[0.274s] DEBUG:colcon.colcon_core.package_identification:Package 'src/crazyfly_core' with type 'ros.ament_python' and name 'crazyfly_core'
[0.274s] Level 1:colcon.colcon_core.package_identification:_identify(src/optitrack_core) by extensions ['ignore', 'ignore_ament_install']
[0.274s] Level 1:colcon.colcon_core.package_identification:_identify(src/optitrack_core) by extension 'ignore'
[0.274s] Level 1:colcon.colcon_core.package_identification:_identify(src/optitrack_core) by extension 'ignore_ament_install'
[0.274s] Level 1:colcon.colcon_core.package_identification:_identify(src/optitrack_core) by extensions ['colcon_pkg']
[0.274s] Level 1:colcon.colcon_core.package_identification:_identify(src/optitrack_core) by extension 'colcon_pkg'
[0.274s] Level 1:colcon.colcon_core.package_identification:_identify(src/optitrack_core) by extensions ['colcon_meta']
[0.274s] Level 1:colcon.colcon_core.package_identification:_identify(src/optitrack_core) by extension 'colcon_meta'
[0.274s] Level 1:colcon.colcon_core.package_identification:_identify(src/optitrack_core) by extensions ['ros']
[0.274s] Level 1:colcon.colcon_core.package_identification:_identify(src/optitrack_core) by extension 'ros'
[0.275s] DEBUG:colcon.colcon_core.package_identification:Package 'src/optitrack_core' with type 'ros.ament_python' and name 'optitrack_core'
[0.275s] Level 1:colcon.colcon_core.package_discovery:discover_packages(recursive) using defaults
[0.275s] Level 1:colcon.colcon_core.package_discovery:discover_packages(ignore) discover
[0.275s] Level 1:colcon.colcon_core.package_discovery:discover_packages(ignore) using defaults
[0.275s] Level 1:colcon.colcon_core.package_discovery:discover_packages(path) discover
[0.275s] Level 1:colcon.colcon_core.package_discovery:discover_packages(path) using defaults
[0.296s] Level 1:colcon.colcon_core.package_discovery:discover_packages(prefix_path) check parameters
[0.296s] Level 1:colcon.colcon_core.package_discovery:discover_packages(prefix_path) discover
[0.298s] DEBUG:colcon.colcon_installed_package_information.package_discovery:Found 3 installed packages in /home/rsl/crazyfly_ws/install
[0.299s] DEBUG:colcon.colcon_installed_package_information.package_discovery:Found 271 installed packages in /opt/ros/humble
[0.314s] Level 1:colcon.colcon_core.package_discovery:discover_packages(prefix_path) using defaults
[0.350s] Level 5:colcon.colcon_core.verb:set package 'controller_core' build argument 'cmake_args' from command line to 'None'
[0.350s] Level 5:colcon.colcon_core.verb:set package 'controller_core' build argument 'cmake_target' from command line to 'None'
[0.350s] Level 5:colcon.colcon_core.verb:set package 'controller_core' build argument 'cmake_target_skip_unavailable' from command line to 'False'
[0.350s] Level 5:colcon.colcon_core.verb:set package 'controller_core' build argument 'cmake_clean_cache' from command line to 'False'
[0.350s] Level 5:colcon.colcon_core.verb:set package 'controller_core' build argument 'cmake_clean_first' from command line to 'False'
[0.350s] Level 5:colcon.colcon_core.verb:set package 'controller_core' build argument 'cmake_force_configure' from command line to 'False'
[0.350s] Level 5:colcon.colcon_core.verb:set package 'controller_core' build argument 'ament_cmake_args' from command line to 'None'
[0.350s] Level 5:colcon.colcon_core.verb:set package 'controller_core' build argument 'catkin_cmake_args' from command line to 'None'
[0.350s] Level 5:colcon.colcon_core.verb:set package 'controller_core' build argument 'catkin_skip_building_tests' from command line to 'False'
[0.350s] DEBUG:colcon.colcon_core.verb:Building package 'controller_core' with the following arguments: {'ament_cmake_args': None, 'build_base': '/home/rsl/crazyfly_ws/build/controller_core', 'catkin_cmake_args': None, 'catkin_skip_building_tests': False, 'cmake_args': None, 'cmake_clean_cache': False, 'cmake_clean_first': False, 'cmake_force_configure': False, 'cmake_target': None, 'cmake_target_skip_unavailable': False, 'install_base': '/home/rsl/crazyfly_ws/install/controller_core', 'merge_install': False, 'path': '/home/rsl/crazyfly_ws/src/controller_core', 'symlink_install': False, 'test_result_base': None}
[0.351s] Level 5:colcon.colcon_core.verb:set package 'crazyfly_core' build argument 'cmake_args' from command line to 'None'
[0.351s] Level 5:colcon.colcon_core.verb:set package 'crazyfly_core' build argument 'cmake_target' from command line to 'None'
[0.351s] Level 5:colcon.colcon_core.verb:set package 'crazyfly_core' build argument 'cmake_target_skip_unavailable' from command line to 'False'
[0.351s] Level 5:colcon.colcon_core.verb:set package 'crazyfly_core' build argument 'cmake_clean_cache' from command line to 'False'
[0.351s] Level 5:colcon.colcon_core.verb:set package 'crazyfly_core' build argument 'cmake_clean_first' from command line to 'False'
[0.351s] Level 5:colcon.colcon_core.verb:set package 'crazyfly_core' build argument 'cmake_force_configure' from command line to 'False'
[0.351s] Level 5:colcon.colcon_core.verb:set package 'crazyfly_core' build argument 'ament_cmake_args' from command line to 'None'
[0.351s] Level 5:colcon.colcon_core.verb:set package 'crazyfly_core' build argument 'catkin_cmake_args' from command line to 'None'
[0.351s] Level 5:colcon.colcon_core.verb:set package 'crazyfly_core' build argument 'catkin_skip_building_tests' from command line to 'False'
[0.351s] DEBUG:colcon.colcon_core.verb:Building package 'crazyfly_core' with the following arguments: {'ament_cmake_args': None, 'build_base': '/home/rsl/crazyfly_ws/build/crazyfly_core', 'catkin_cmake_args': None, 'catkin_skip_building_tests': False, 'cmake_args': None, 'cmake_clean_cache': False, 'cmake_clean_first': False, 'cmake_force_configure': False, 'cmake_target': None, 'cmake_target_skip_unavailable': False, 'install_base': '/home/rsl/crazyfly_ws/install/crazyfly_core', 'merge_install': False, 'path': '/home/rsl/crazyfly_ws/src/crazyfly_core', 'symlink_install': False, 'test_result_base': None}
[0.351s] Level 5:colcon.colcon_core.verb:set package 'optitrack_core' build argument 'cmake_args' from command line to 'None'
[0.351s] Level 5:colcon.colcon_core.verb:set package 'optitrack_core' build argument 'cmake_target' from command line to 'None'
[0.351s] Level 5:colcon.colcon_core.verb:set package 'optitrack_core' build argument 'cmake_target_skip_unavailable' from command line to 'False'
[0.351s] Level 5:colcon.colcon_core.verb:set package 'optitrack_core' build argument 'cmake_clean_cache' from command line to 'False'
[0.351s] Level 5:colcon.colcon_core.verb:set package 'optitrack_core' build argument 'cmake_clean_first' from command line to 'False'
[0.351s] Level 5:colcon.colcon_core.verb:set package 'optitrack_core' build argument 'cmake_force_configure' from command line to 'False'
[0.351s] Level 5:colcon.colcon_core.verb:set package 'optitrack_core' build argument 'ament_cmake_args' from command line to 'None'
[0.351s] Level 5:colcon.colcon_core.verb:set package 'optitrack_core' build argument 'catkin_cmake_args' from command line to 'None'
[0.351s] Level 5:colcon.colcon_core.verb:set package 'optitrack_core' build argument 'catkin_skip_building_tests' from command line to 'False'
[0.351s] DEBUG:colcon.colcon_core.verb:Building package 'optitrack_core' with the following arguments: {'ament_cmake_args': None, 'build_base': '/home/rsl/crazyfly_ws/build/optitrack_core', 'catkin_cmake_args': None, 'catkin_skip_building_tests': False, 'cmake_args': None, 'cmake_clean_cache': False, 'cmake_clean_first': False, 'cmake_force_configure': False, 'cmake_target': None, 'cmake_target_skip_unavailable': False, 'install_base': '/home/rsl/crazyfly_ws/install/optitrack_core', 'merge_install': False, 'path': '/home/rsl/crazyfly_ws/src/optitrack_core', 'symlink_install': False, 'test_result_base': None}
[0.352s] INFO:colcon.colcon_core.executor:Executing jobs using 'parallel' executor
[0.353s] DEBUG:colcon.colcon_parallel_executor.executor.parallel:run_until_complete
[0.353s] INFO:colcon.colcon_ros.task.ament_python.build:Building ROS package in '/home/rsl/crazyfly_ws/src/controller_core' with build type 'ament_python'
[0.353s] Level 1:colcon.colcon_core.shell:create_environment_hook('controller_core', 'ament_prefix_path')
[0.356s] INFO:colcon.colcon_core.plugin_system:Skipping extension 'colcon_core.shell.bat': Not used on non-Windows systems
[0.356s] INFO:colcon.colcon_core.shell:Creating environment hook '/home/rsl/crazyfly_ws/install/controller_core/share/controller_core/hook/ament_prefix_path.ps1'
[0.357s] INFO:colcon.colcon_core.shell:Creating environment descriptor '/home/rsl/crazyfly_ws/install/controller_core/share/controller_core/hook/ament_prefix_path.dsv'
[0.357s] INFO:colcon.colcon_core.shell:Creating environment hook '/home/rsl/crazyfly_ws/install/controller_core/share/controller_core/hook/ament_prefix_path.sh'
[0.358s] INFO:colcon.colcon_core.shell:Skip shell extension 'powershell' for command environment: Not usable outside of PowerShell
[0.358s] DEBUG:colcon.colcon_core.shell:Skip shell extension 'dsv' for command environment
[0.361s] INFO:colcon.colcon_ros.task.ament_python.build:Building ROS package in '/home/rsl/crazyfly_ws/src/crazyfly_core' with build type 'ament_python'
[0.361s] Level 1:colcon.colcon_core.shell:create_environment_hook('crazyfly_core', 'ament_prefix_path')
[0.361s] INFO:colcon.colcon_core.shell:Creating environment hook '/home/rsl/crazyfly_ws/install/crazyfly_core/share/crazyfly_core/hook/ament_prefix_path.ps1'
[0.362s] INFO:colcon.colcon_core.shell:Creating environment descriptor '/home/rsl/crazyfly_ws/install/crazyfly_core/share/crazyfly_core/hook/ament_prefix_path.dsv'
[0.362s] INFO:colcon.colcon_core.shell:Creating environment hook '/home/rsl/crazyfly_ws/install/crazyfly_core/share/crazyfly_core/hook/ament_prefix_path.sh'
[0.363s] INFO:colcon.colcon_core.shell:Skip shell extension 'powershell' for command environment: Not usable outside of PowerShell
[0.363s] DEBUG:colcon.colcon_core.shell:Skip shell extension 'dsv' for command environment
[0.366s] INFO:colcon.colcon_ros.task.ament_python.build:Building ROS package in '/home/rsl/crazyfly_ws/src/optitrack_core' with build type 'ament_python'
[0.367s] Level 1:colcon.colcon_core.shell:create_environment_hook('optitrack_core', 'ament_prefix_path')
[0.367s] INFO:colcon.colcon_core.shell:Creating environment hook '/home/rsl/crazyfly_ws/install/optitrack_core/share/optitrack_core/hook/ament_prefix_path.ps1'
[0.367s] INFO:colcon.colcon_core.shell:Creating environment descriptor '/home/rsl/crazyfly_ws/install/optitrack_core/share/optitrack_core/hook/ament_prefix_path.dsv'
[0.368s] INFO:colcon.colcon_core.shell:Creating environment hook '/home/rsl/crazyfly_ws/install/optitrack_core/share/optitrack_core/hook/ament_prefix_path.sh'
[0.368s] INFO:colcon.colcon_core.shell:Skip shell extension 'powershell' for command environment: Not usable outside of PowerShell
[0.368s] DEBUG:colcon.colcon_core.shell:Skip shell extension 'dsv' for command environment
[0.612s] INFO:colcon.colcon_core.task.python.build:Building Python package in '/home/rsl/crazyfly_ws/src/controller_core'
[0.613s] INFO:colcon.colcon_core.shell:Skip shell extension 'powershell' for command environment: Not usable outside of PowerShell
[0.613s] DEBUG:colcon.colcon_core.shell:Skip shell extension 'dsv' for command environment
[0.864s] INFO:colcon.colcon_core.task.python.build:Building Python package in '/home/rsl/crazyfly_ws/src/crazyfly_core'
[0.864s] INFO:colcon.colcon_core.shell:Skip shell extension 'powershell' for command environment: Not usable outside of PowerShell
[0.865s] DEBUG:colcon.colcon_core.shell:Skip shell extension 'dsv' for command environment
[1.128s] INFO:colcon.colcon_core.task.python.build:Building Python package in '/home/rsl/crazyfly_ws/src/optitrack_core'
[1.128s] INFO:colcon.colcon_core.shell:Skip shell extension 'powershell' for command environment: Not usable outside of PowerShell
[1.129s] DEBUG:colcon.colcon_core.shell:Skip shell extension 'dsv' for command environment
[1.503s] DEBUG:colcon.colcon_core.event_handler.log_command:Invoking command in '/home/rsl/crazyfly_ws/src/controller_core': PYTHONPATH=/home/rsl/crazyfly_ws/build/controller_core/prefix_override:/home/rsl/crazyfly_ws/install/controller_core/lib/python3.10/site-packages:${PYTHONPATH} /usr/bin/python3 -W ignore:setup.py install is deprecated setup.py egg_info --egg-base ../../build/controller_core build --build-base /home/rsl/crazyfly_ws/build/controller_core/build install --record /home/rsl/crazyfly_ws/build/controller_core/install.log --single-version-externally-managed install_data
[1.511s] DEBUG:colcon.colcon_core.event_handler.log_command:Invoking command in '/home/rsl/crazyfly_ws/src/crazyfly_core': PYTHONPATH=/home/rsl/crazyfly_ws/build/crazyfly_core/prefix_override:/home/rsl/crazyfly_ws/install/crazyfly_core/lib/python3.10/site-packages:${PYTHONPATH} /usr/bin/python3 -W ignore:setup.py install is deprecated setup.py egg_info --egg-base ../../build/crazyfly_core build --build-base /home/rsl/crazyfly_ws/build/crazyfly_core/build install --record /home/rsl/crazyfly_ws/build/crazyfly_core/install.log --single-version-externally-managed install_data
[1.532s] DEBUG:colcon.colcon_core.event_handler.log_command:Invoking command in '/home/rsl/crazyfly_ws/src/optitrack_core': PYTHONPATH=/home/rsl/crazyfly_ws/build/optitrack_core/prefix_override:/home/rsl/crazyfly_ws/install/optitrack_core/lib/python3.10/site-packages:${PYTHONPATH} /usr/bin/python3 -W ignore:setup.py install is deprecated setup.py egg_info --egg-base ../../build/optitrack_core build --build-base /home/rsl/crazyfly_ws/build/optitrack_core/build install --record /home/rsl/crazyfly_ws/build/optitrack_core/install.log --single-version-externally-managed install_data
[1.812s] DEBUG:colcon.colcon_core.event_handler.log_command:Invoked command in '/home/rsl/crazyfly_ws/src/crazyfly_core' returned '0': PYTHONPATH=/home/rsl/crazyfly_ws/build/crazyfly_core/prefix_override:/home/rsl/crazyfly_ws/install/crazyfly_core/lib/python3.10/site-packages:${PYTHONPATH} /usr/bin/python3 -W ignore:setup.py install is deprecated setup.py egg_info --egg-base ../../build/crazyfly_core build --build-base /home/rsl/crazyfly_ws/build/crazyfly_core/build install --record /home/rsl/crazyfly_ws/build/crazyfly_core/install.log --single-version-externally-managed install_data
[1.823s] Level 1:colcon.colcon_core.environment:checking '/home/rsl/crazyfly_ws/install/crazyfly_core' for CMake module files
[1.825s] Level 1:colcon.colcon_core.environment:checking '/home/rsl/crazyfly_ws/install/crazyfly_core' for CMake config files
[1.827s] Level 1:colcon.colcon_core.environment:checking '/home/rsl/crazyfly_ws/install/crazyfly_core/lib'
[1.827s] Level 1:colcon.colcon_core.environment:checking '/home/rsl/crazyfly_ws/install/crazyfly_core/bin'
[1.827s] Level 1:colcon.colcon_core.environment:checking '/home/rsl/crazyfly_ws/install/crazyfly_core/lib/pkgconfig/crazyfly_core.pc'
[1.828s] Level 1:colcon.colcon_core.environment:checking '/home/rsl/crazyfly_ws/install/crazyfly_core/lib/python3.10/site-packages'
[1.828s] Level 1:colcon.colcon_core.shell:create_environment_hook('crazyfly_core', 'pythonpath')
[1.828s] INFO:colcon.colcon_core.shell:Creating environment hook '/home/rsl/crazyfly_ws/install/crazyfly_core/share/crazyfly_core/hook/pythonpath.ps1'
[1.829s] INFO:colcon.colcon_core.shell:Creating environment descriptor '/home/rsl/crazyfly_ws/install/crazyfly_core/share/crazyfly_core/hook/pythonpath.dsv'
[1.829s] INFO:colcon.colcon_core.shell:Creating environment hook '/home/rsl/crazyfly_ws/install/crazyfly_core/share/crazyfly_core/hook/pythonpath.sh'
[1.830s] Level 1:colcon.colcon_core.environment:checking '/home/rsl/crazyfly_ws/install/crazyfly_core/bin'
[1.831s] Level 1:colcon.colcon_core.environment:create_environment_scripts_only(crazyfly_core)
[1.831s] INFO:colcon.colcon_core.shell:Creating package script '/home/rsl/crazyfly_ws/install/crazyfly_core/share/crazyfly_core/package.ps1'
[1.833s] INFO:colcon.colcon_core.shell:Creating package descriptor '/home/rsl/crazyfly_ws/install/crazyfly_core/share/crazyfly_core/package.dsv'
[1.834s] INFO:colcon.colcon_core.shell:Creating package script '/home/rsl/crazyfly_ws/install/crazyfly_core/share/crazyfly_core/package.sh'
[1.835s] INFO:colcon.colcon_core.shell:Creating package script '/home/rsl/crazyfly_ws/install/crazyfly_core/share/crazyfly_core/package.bash'
[1.837s] INFO:colcon.colcon_core.shell:Creating package script '/home/rsl/crazyfly_ws/install/crazyfly_core/share/crazyfly_core/package.zsh'
[1.838s] Level 1:colcon.colcon_core.environment:create_file_with_runtime_dependencies(/home/rsl/crazyfly_ws/install/crazyfly_core/share/colcon-core/packages/crazyfly_core)
[1.842s] Level 1:colcon.colcon_core.environment:checking '/home/rsl/crazyfly_ws/install/controller_core' for CMake module files
[1.843s] DEBUG:colcon.colcon_core.event_handler.log_command:Invoked command in '/home/rsl/crazyfly_ws/src/controller_core' returned '0': PYTHONPATH=/home/rsl/crazyfly_ws/build/controller_core/prefix_override:/home/rsl/crazyfly_ws/install/controller_core/lib/python3.10/site-packages:${PYTHONPATH} /usr/bin/python3 -W ignore:setup.py install is deprecated setup.py egg_info --egg-base ../../build/controller_core build --build-base /home/rsl/crazyfly_ws/build/controller_core/build install --record /home/rsl/crazyfly_ws/build/controller_core/install.log --single-version-externally-managed install_data
[1.844s] Level 1:colcon.colcon_core.environment:checking '/home/rsl/crazyfly_ws/install/controller_core' for CMake config files
[1.845s] Level 1:colcon.colcon_core.environment:checking '/home/rsl/crazyfly_ws/install/controller_core/lib'
[1.846s] Level 1:colcon.colcon_core.environment:checking '/home/rsl/crazyfly_ws/install/controller_core/bin'
[1.846s] Level 1:colcon.colcon_core.environment:checking '/home/rsl/crazyfly_ws/install/controller_core/lib/pkgconfig/controller_core.pc'
[1.847s] Level 1:colcon.colcon_core.environment:checking '/home/rsl/crazyfly_ws/install/controller_core/lib/python3.10/site-packages'
[1.847s] Level 1:colcon.colcon_core.shell:create_environment_hook('controller_core', 'pythonpath')
[1.848s] INFO:colcon.colcon_core.shell:Creating environment hook '/home/rsl/crazyfly_ws/install/controller_core/share/controller_core/hook/pythonpath.ps1'
[1.849s] INFO:colcon.colcon_core.shell:Creating environment descriptor '/home/rsl/crazyfly_ws/install/controller_core/share/controller_core/hook/pythonpath.dsv'
[1.850s] INFO:colcon.colcon_core.shell:Creating environment hook '/home/rsl/crazyfly_ws/install/controller_core/share/controller_core/hook/pythonpath.sh'
[1.851s] Level 1:colcon.colcon_core.environment:checking '/home/rsl/crazyfly_ws/install/controller_core/bin'
[1.851s] Level 1:colcon.colcon_core.environment:create_environment_scripts_only(controller_core)
[1.852s] INFO:colcon.colcon_core.shell:Creating package script '/home/rsl/crazyfly_ws/install/controller_core/share/controller_core/package.ps1'
[1.853s] INFO:colcon.colcon_core.shell:Creating package descriptor '/home/rsl/crazyfly_ws/install/controller_core/share/controller_core/package.dsv'
[1.854s] INFO:colcon.colcon_core.shell:Creating package script '/home/rsl/crazyfly_ws/install/controller_core/share/controller_core/package.sh'
[1.855s] INFO:colcon.colcon_core.shell:Creating package script '/home/rsl/crazyfly_ws/install/controller_core/share/controller_core/package.bash'
[1.856s] INFO:colcon.colcon_core.shell:Creating package script '/home/rsl/crazyfly_ws/install/controller_core/share/controller_core/package.zsh'
[1.856s] Level 1:colcon.colcon_core.environment:create_file_with_runtime_dependencies(/home/rsl/crazyfly_ws/install/controller_core/share/colcon-core/packages/controller_core)
[1.872s] Level 1:colcon.colcon_core.environment:checking '/home/rsl/crazyfly_ws/install/optitrack_core' for CMake module files
[1.873s] DEBUG:colcon.colcon_core.event_handler.log_command:Invoked command in '/home/rsl/crazyfly_ws/src/optitrack_core' returned '0': PYTHONPATH=/home/rsl/crazyfly_ws/build/optitrack_core/prefix_override:/home/rsl/crazyfly_ws/install/optitrack_core/lib/python3.10/site-packages:${PYTHONPATH} /usr/bin/python3 -W ignore:setup.py install is deprecated setup.py egg_info --egg-base ../../build/optitrack_core build --build-base /home/rsl/crazyfly_ws/build/optitrack_core/build install --record /home/rsl/crazyfly_ws/build/optitrack_core/install.log --single-version-externally-managed install_data
[1.874s] Level 1:colcon.colcon_core.environment:checking '/home/rsl/crazyfly_ws/install/optitrack_core' for CMake config files
[1.875s] Level 1:colcon.colcon_core.environment:checking '/home/rsl/crazyfly_ws/install/optitrack_core/lib'
[1.876s] Level 1:colcon.colcon_core.environment:checking '/home/rsl/crazyfly_ws/install/optitrack_core/bin'
[1.876s] Level 1:colcon.colcon_core.environment:checking '/home/rsl/crazyfly_ws/install/optitrack_core/lib/pkgconfig/optitrack_core.pc'
[1.877s] Level 1:colcon.colcon_core.environment:checking '/home/rsl/crazyfly_ws/install/optitrack_core/lib/python3.10/site-packages'
[1.877s] Level 1:colcon.colcon_core.shell:create_environment_hook('optitrack_core', 'pythonpath')
[1.878s] INFO:colcon.colcon_core.shell:Creating environment hook '/home/rsl/crazyfly_ws/install/optitrack_core/share/optitrack_core/hook/pythonpath.ps1'
[1.879s] INFO:colcon.colcon_core.shell:Creating environment descriptor '/home/rsl/crazyfly_ws/install/optitrack_core/share/optitrack_core/hook/pythonpath.dsv'
[1.880s] INFO:colcon.colcon_core.shell:Creating environment hook '/home/rsl/crazyfly_ws/install/optitrack_core/share/optitrack_core/hook/pythonpath.sh'
[1.881s] Level 1:colcon.colcon_core.environment:checking '/home/rsl/crazyfly_ws/install/optitrack_core/bin'
[1.881s] Level 1:colcon.colcon_core.environment:create_environment_scripts_only(optitrack_core)
[1.882s] INFO:colcon.colcon_core.shell:Creating package script '/home/rsl/crazyfly_ws/install/optitrack_core/share/optitrack_core/package.ps1'
[1.884s] INFO:colcon.colcon_core.shell:Creating package descriptor '/home/rsl/crazyfly_ws/install/optitrack_core/share/optitrack_core/package.dsv'
[1.885s] INFO:colcon.colcon_core.shell:Creating package script '/home/rsl/crazyfly_ws/install/optitrack_core/share/optitrack_core/package.sh'
[1.885s] INFO:colcon.colcon_core.shell:Creating package script '/home/rsl/crazyfly_ws/install/optitrack_core/share/optitrack_core/package.bash'
[1.886s] INFO:colcon.colcon_core.shell:Creating package script '/home/rsl/crazyfly_ws/install/optitrack_core/share/optitrack_core/package.zsh'
[1.887s] Level 1:colcon.colcon_core.environment:create_file_with_runtime_dependencies(/home/rsl/crazyfly_ws/install/optitrack_core/share/colcon-core/packages/optitrack_core)
[1.887s] DEBUG:colcon.colcon_parallel_executor.executor.parallel:closing loop
[1.888s] DEBUG:colcon.colcon_parallel_executor.executor.parallel:loop closed
[1.888s] DEBUG:colcon.colcon_parallel_executor.executor.parallel:run_until_complete finished with '0'
[1.889s] DEBUG:colcon.colcon_core.event_reactor:joining thread
[1.903s] INFO:colcon.colcon_core.plugin_system:Skipping extension 'colcon_notification.desktop_notification.terminal_notifier': Not used on non-Darwin systems
[1.903s] INFO:colcon.colcon_core.plugin_system:Skipping extension 'colcon_notification.desktop_notification.win32': Not used on non-Windows systems
[1.903s] INFO:colcon.colcon_notification.desktop_notification:Sending desktop notification using 'notify2'
[1.927s] DEBUG:colcon.colcon_core.event_reactor:joined thread
[1.929s] INFO:colcon.colcon_core.shell:Creating prefix script '/home/rsl/crazyfly_ws/install/local_setup.ps1'
[1.931s] INFO:colcon.colcon_core.shell:Creating prefix util module '/home/rsl/crazyfly_ws/install/_local_setup_util_ps1.py'
[1.935s] INFO:colcon.colcon_core.shell:Creating prefix chain script '/home/rsl/crazyfly_ws/install/setup.ps1'
[1.937s] INFO:colcon.colcon_core.shell:Creating prefix script '/home/rsl/crazyfly_ws/install/local_setup.sh'
[1.938s] INFO:colcon.colcon_core.shell:Creating prefix util module '/home/rsl/crazyfly_ws/install/_local_setup_util_sh.py'
[1.939s] INFO:colcon.colcon_core.shell:Creating prefix chain script '/home/rsl/crazyfly_ws/install/setup.sh'
[1.940s] INFO:colcon.colcon_core.shell:Creating prefix script '/home/rsl/crazyfly_ws/install/local_setup.bash'
[1.942s] INFO:colcon.colcon_core.shell:Creating prefix chain script '/home/rsl/crazyfly_ws/install/setup.bash'
[1.943s] INFO:colcon.colcon_core.shell:Creating prefix script '/home/rsl/crazyfly_ws/install/local_setup.zsh'
[1.944s] INFO:colcon.colcon_core.shell:Creating prefix chain script '/home/rsl/crazyfly_ws/install/setup.zsh'
