[0.204s] DEBUG:colcon:Command line arguments: ['/usr/bin/colcon', 'list', '-p', '--base-paths', '/home/rsl/crazyfly_ws']
[0.205s] DEBUG:colcon:Parsed command line arguments: Namespace(log_base=None, log_level=None, verb_name='list', build_base='build', ignore_user_meta=False, metas=['./colcon.meta'], base_paths=['/home/rsl/crazyfly_ws'], packages_ignore=None, packages_ignore_regex=None, paths=None, packages_up_to=None, packages_up_to_regex=None, packages_above=None, packages_above_and_dependencies=None, packages_above_depth=None, packages_select_by_dep=None, packages_skip_by_dep=None, packages_skip_up_to=None, packages_select_build_failed=False, packages_skip_build_finished=False, packages_select_test_failures=False, packages_skip_test_passed=False, packages_select=None, packages_skip=None, packages_select_regex=None, packages_skip_regex=None, packages_start=None, packages_end=None, allow_overriding=[], topological_order=False, names_only=False, paths_only=True, topological_graph=False, topological_graph_dot=False, topological_graph_density=False, topological_graph_legend=False, topological_graph_dot_cluster=False, topological_graph_dot_include_skipped=False, verb_parser=<colcon_defaults.argument_parser.defaults.DefaultArgumentsDecorator object at 0x79dc9223db40>, verb_extension=<colcon_package_information.verb.list.ListVerb object at 0x79dc9223cee0>, main=<bound method ListVerb.main of <colcon_package_information.verb.list.ListVerb object at 0x79dc9223cee0>>)
[0.537s] Level 1:colcon.colcon_core.package_discovery:discover_packages(colcon_meta) check parameters
[0.537s] Level 1:colcon.colcon_core.package_discovery:discover_packages(recursive) check parameters
[0.537s] Level 1:colcon.colcon_core.package_discovery:discover_packages(ignore) check parameters
[0.537s] Level 1:colcon.colcon_core.package_discovery:discover_packages(path) check parameters
[0.537s] Level 1:colcon.colcon_core.package_discovery:discover_packages(recursive) discover
[0.537s] INFO:colcon.colcon_core.package_discovery:Crawling recursively for packages in '/home/rsl/crazyfly_ws'
[0.538s] Level 1:colcon.colcon_core.package_identification:_identify(/home/rsl/crazyfly_ws) by extensions ['ignore', 'ignore_ament_install']
[0.538s] Level 1:colcon.colcon_core.package_identification:_identify(/home/rsl/crazyfly_ws) by extension 'ignore'
[0.538s] Level 1:colcon.colcon_core.package_identification:_identify(/home/rsl/crazyfly_ws) by extension 'ignore_ament_install'
[0.538s] Level 1:colcon.colcon_core.package_identification:_identify(/home/rsl/crazyfly_ws) by extensions ['colcon_pkg']
[0.538s] Level 1:colcon.colcon_core.package_identification:_identify(/home/rsl/crazyfly_ws) by extension 'colcon_pkg'
[0.538s] Level 1:colcon.colcon_core.package_identification:_identify(/home/rsl/crazyfly_ws) by extensions ['colcon_meta']
[0.538s] Level 1:colcon.colcon_core.package_identification:_identify(/home/rsl/crazyfly_ws) by extension 'colcon_meta'
[0.538s] Level 1:colcon.colcon_core.package_identification:_identify(/home/rsl/crazyfly_ws) by extensions ['ros']
[0.538s] Level 1:colcon.colcon_core.package_identification:_identify(/home/rsl/crazyfly_ws) by extension 'ros'
[0.557s] Level 1:colcon.colcon_core.package_identification:_identify(/home/rsl/crazyfly_ws) by extensions ['cmake', 'python']
[0.557s] Level 1:colcon.colcon_core.package_identification:_identify(/home/rsl/crazyfly_ws) by extension 'cmake'
[0.557s] Level 1:colcon.colcon_core.package_identification:_identify(/home/rsl/crazyfly_ws) by extension 'python'
[0.558s] Level 1:colcon.colcon_core.package_identification:_identify(/home/rsl/crazyfly_ws) by extensions ['python_setup_py']
[0.558s] Level 1:colcon.colcon_core.package_identification:_identify(/home/rsl/crazyfly_ws) by extension 'python_setup_py'
[0.558s] Level 1:colcon.colcon_core.package_identification:_identify(/home/rsl/crazyfly_ws/build) by extensions ['ignore', 'ignore_ament_install']
[0.558s] Level 1:colcon.colcon_core.package_identification:_identify(/home/rsl/crazyfly_ws/build) by extension 'ignore'
[0.558s] Level 1:colcon.colcon_core.package_identification:_identify(/home/rsl/crazyfly_ws/build) ignored
[0.558s] Level 1:colcon.colcon_core.package_identification:_identify(/home/rsl/crazyfly_ws/cache) by extensions ['ignore', 'ignore_ament_install']
[0.558s] Level 1:colcon.colcon_core.package_identification:_identify(/home/rsl/crazyfly_ws/cache) by extension 'ignore'
[0.559s] Level 1:colcon.colcon_core.package_identification:_identify(/home/rsl/crazyfly_ws/cache) by extension 'ignore_ament_install'
[0.559s] Level 1:colcon.colcon_core.package_identification:_identify(/home/rsl/crazyfly_ws/cache) by extensions ['colcon_pkg']
[0.559s] Level 1:colcon.colcon_core.package_identification:_identify(/home/rsl/crazyfly_ws/cache) by extension 'colcon_pkg'
[0.559s] Level 1:colcon.colcon_core.package_identification:_identify(/home/rsl/crazyfly_ws/cache) by extensions ['colcon_meta']
[0.559s] Level 1:colcon.colcon_core.package_identification:_identify(/home/rsl/crazyfly_ws/cache) by extension 'colcon_meta'
[0.559s] Level 1:colcon.colcon_core.package_identification:_identify(/home/rsl/crazyfly_ws/cache) by extensions ['ros']
[0.559s] Level 1:colcon.colcon_core.package_identification:_identify(/home/rsl/crazyfly_ws/cache) by extension 'ros'
[0.559s] Level 1:colcon.colcon_core.package_identification:_identify(/home/rsl/crazyfly_ws/cache) by extensions ['cmake', 'python']
[0.559s] Level 1:colcon.colcon_core.package_identification:_identify(/home/rsl/crazyfly_ws/cache) by extension 'cmake'
[0.559s] Level 1:colcon.colcon_core.package_identification:_identify(/home/rsl/crazyfly_ws/cache) by extension 'python'
[0.559s] Level 1:colcon.colcon_core.package_identification:_identify(/home/rsl/crazyfly_ws/cache) by extensions ['python_setup_py']
[0.559s] Level 1:colcon.colcon_core.package_identification:_identify(/home/rsl/crazyfly_ws/cache) by extension 'python_setup_py'
[0.560s] Level 1:colcon.colcon_core.package_identification:_identify(/home/rsl/crazyfly_ws/install) by extensions ['ignore', 'ignore_ament_install']
[0.560s] Level 1:colcon.colcon_core.package_identification:_identify(/home/rsl/crazyfly_ws/install) by extension 'ignore'
[0.560s] Level 1:colcon.colcon_core.package_identification:_identify(/home/rsl/crazyfly_ws/install) ignored
[0.560s] Level 1:colcon.colcon_core.package_identification:_identify(/home/rsl/crazyfly_ws/log) by extensions ['ignore', 'ignore_ament_install']
[0.560s] Level 1:colcon.colcon_core.package_identification:_identify(/home/rsl/crazyfly_ws/log) by extension 'ignore'
[0.560s] Level 1:colcon.colcon_core.package_identification:_identify(/home/rsl/crazyfly_ws/log) ignored
[0.560s] Level 1:colcon.colcon_core.package_identification:_identify(/home/rsl/crazyfly_ws/src) by extensions ['ignore', 'ignore_ament_install']
[0.560s] Level 1:colcon.colcon_core.package_identification:_identify(/home/rsl/crazyfly_ws/src) by extension 'ignore'
[0.561s] Level 1:colcon.colcon_core.package_identification:_identify(/home/rsl/crazyfly_ws/src) by extension 'ignore_ament_install'
[0.561s] Level 1:colcon.colcon_core.package_identification:_identify(/home/rsl/crazyfly_ws/src) by extensions ['colcon_pkg']
[0.561s] Level 1:colcon.colcon_core.package_identification:_identify(/home/rsl/crazyfly_ws/src) by extension 'colcon_pkg'
[0.561s] Level 1:colcon.colcon_core.package_identification:_identify(/home/rsl/crazyfly_ws/src) by extensions ['colcon_meta']
[0.561s] Level 1:colcon.colcon_core.package_identification:_identify(/home/rsl/crazyfly_ws/src) by extension 'colcon_meta'
[0.561s] Level 1:colcon.colcon_core.package_identification:_identify(/home/rsl/crazyfly_ws/src) by extensions ['ros']
[0.561s] Level 1:colcon.colcon_core.package_identification:_identify(/home/rsl/crazyfly_ws/src) by extension 'ros'
[0.561s] Level 1:colcon.colcon_core.package_identification:_identify(/home/rsl/crazyfly_ws/src) by extensions ['cmake', 'python']
[0.561s] Level 1:colcon.colcon_core.package_identification:_identify(/home/rsl/crazyfly_ws/src) by extension 'cmake'
[0.561s] Level 1:colcon.colcon_core.package_identification:_identify(/home/rsl/crazyfly_ws/src) by extension 'python'
[0.561s] Level 1:colcon.colcon_core.package_identification:_identify(/home/rsl/crazyfly_ws/src) by extensions ['python_setup_py']
[0.561s] Level 1:colcon.colcon_core.package_identification:_identify(/home/rsl/crazyfly_ws/src) by extension 'python_setup_py'
[0.562s] Level 1:colcon.colcon_core.package_identification:_identify(/home/rsl/crazyfly_ws/src/controller_core) by extensions ['ignore', 'ignore_ament_install']
[0.562s] Level 1:colcon.colcon_core.package_identification:_identify(/home/rsl/crazyfly_ws/src/controller_core) by extension 'ignore'
[0.562s] Level 1:colcon.colcon_core.package_identification:_identify(/home/rsl/crazyfly_ws/src/controller_core) by extension 'ignore_ament_install'
[0.562s] Level 1:colcon.colcon_core.package_identification:_identify(/home/rsl/crazyfly_ws/src/controller_core) by extensions ['colcon_pkg']
[0.562s] Level 1:colcon.colcon_core.package_identification:_identify(/home/rsl/crazyfly_ws/src/controller_core) by extension 'colcon_pkg'
[0.562s] Level 1:colcon.colcon_core.package_identification:_identify(/home/rsl/crazyfly_ws/src/controller_core) by extensions ['colcon_meta']
[0.562s] Level 1:colcon.colcon_core.package_identification:_identify(/home/rsl/crazyfly_ws/src/controller_core) by extension 'colcon_meta'
[0.562s] Level 1:colcon.colcon_core.package_identification:_identify(/home/rsl/crazyfly_ws/src/controller_core) by extensions ['ros']
[0.562s] Level 1:colcon.colcon_core.package_identification:_identify(/home/rsl/crazyfly_ws/src/controller_core) by extension 'ros'
[0.566s] DEBUG:colcon.colcon_core.package_identification:Package '/home/rsl/crazyfly_ws/src/controller_core' with type 'ros.ament_python' and name 'controller_core'
[0.567s] Level 1:colcon.colcon_core.package_identification:_identify(/home/rsl/crazyfly_ws/src/crazyfly_core) by extensions ['ignore', 'ignore_ament_install']
[0.567s] Level 1:colcon.colcon_core.package_identification:_identify(/home/rsl/crazyfly_ws/src/crazyfly_core) by extension 'ignore'
[0.567s] Level 1:colcon.colcon_core.package_identification:_identify(/home/rsl/crazyfly_ws/src/crazyfly_core) by extension 'ignore_ament_install'
[0.567s] Level 1:colcon.colcon_core.package_identification:_identify(/home/rsl/crazyfly_ws/src/crazyfly_core) by extensions ['colcon_pkg']
[0.567s] Level 1:colcon.colcon_core.package_identification:_identify(/home/rsl/crazyfly_ws/src/crazyfly_core) by extension 'colcon_pkg'
[0.567s] Level 1:colcon.colcon_core.package_identification:_identify(/home/rsl/crazyfly_ws/src/crazyfly_core) by extensions ['colcon_meta']
[0.567s] Level 1:colcon.colcon_core.package_identification:_identify(/home/rsl/crazyfly_ws/src/crazyfly_core) by extension 'colcon_meta'
[0.567s] Level 1:colcon.colcon_core.package_identification:_identify(/home/rsl/crazyfly_ws/src/crazyfly_core) by extensions ['ros']
[0.567s] Level 1:colcon.colcon_core.package_identification:_identify(/home/rsl/crazyfly_ws/src/crazyfly_core) by extension 'ros'
[0.568s] DEBUG:colcon.colcon_core.package_identification:Package '/home/rsl/crazyfly_ws/src/crazyfly_core' with type 'ros.ament_python' and name 'crazyfly_core'
[0.568s] Level 1:colcon.colcon_core.package_identification:_identify(/home/rsl/crazyfly_ws/src/optitrack_core) by extensions ['ignore', 'ignore_ament_install']
[0.568s] Level 1:colcon.colcon_core.package_identification:_identify(/home/rsl/crazyfly_ws/src/optitrack_core) by extension 'ignore'
[0.568s] Level 1:colcon.colcon_core.package_identification:_identify(/home/rsl/crazyfly_ws/src/optitrack_core) by extension 'ignore_ament_install'
[0.569s] Level 1:colcon.colcon_core.package_identification:_identify(/home/rsl/crazyfly_ws/src/optitrack_core) by extensions ['colcon_pkg']
[0.569s] Level 1:colcon.colcon_core.package_identification:_identify(/home/rsl/crazyfly_ws/src/optitrack_core) by extension 'colcon_pkg'
[0.569s] Level 1:colcon.colcon_core.package_identification:_identify(/home/rsl/crazyfly_ws/src/optitrack_core) by extensions ['colcon_meta']
[0.569s] Level 1:colcon.colcon_core.package_identification:_identify(/home/rsl/crazyfly_ws/src/optitrack_core) by extension 'colcon_meta'
[0.569s] Level 1:colcon.colcon_core.package_identification:_identify(/home/rsl/crazyfly_ws/src/optitrack_core) by extensions ['ros']
[0.569s] Level 1:colcon.colcon_core.package_identification:_identify(/home/rsl/crazyfly_ws/src/optitrack_core) by extension 'ros'
[0.570s] DEBUG:colcon.colcon_core.package_identification:Package '/home/rsl/crazyfly_ws/src/optitrack_core' with type 'ros.ament_python' and name 'optitrack_core'
[0.570s] Level 1:colcon.colcon_core.package_discovery:discover_packages(recursive) using defaults
