[1.704s] Invoking command in '/home/rsl/crazyfly_ws/src/controller_core': PYTHONPATH=/home/rsl/crazyfly_ws/build/controller_core/prefix_override:/home/rsl/crazyfly_ws/install/controller_core/lib/python3.10/site-packages:${PYTHONPATH} /usr/bin/python3 -W ignore:setup.py install is deprecated setup.py egg_info --egg-base ../../build/controller_core build --build-base /home/rsl/crazyfly_ws/build/controller_core/build install --record /home/rsl/crazyfly_ws/build/controller_core/install.log --single-version-externally-managed install_data
[2.044s] running egg_info
[2.053s] writing ../../build/controller_core/controller_core.egg-info/PKG-INFO
[2.053s] writing dependency_links to ../../build/controller_core/controller_core.egg-info/dependency_links.txt
[2.054s] writing entry points to ../../build/controller_core/controller_core.egg-info/entry_points.txt
[2.054s] writing requirements to ../../build/controller_core/controller_core.egg-info/requires.txt
[2.054s] writing top-level names to ../../build/controller_core/controller_core.egg-info/top_level.txt
[2.058s] reading manifest file '../../build/controller_core/controller_core.egg-info/SOURCES.txt'
[2.059s] adding license file 'LICENSE'
[2.060s] writing manifest file '../../build/controller_core/controller_core.egg-info/SOURCES.txt'
[2.060s] running build
[2.060s] running build_py
[2.060s] running install
[2.061s] running install_lib
[2.063s] running install_data
[2.063s] running install_egg_info
[2.067s] removing '/home/rsl/crazyfly_ws/install/controller_core/lib/python3.10/site-packages/controller_core-0.0.0-py3.10.egg-info' (and everything under it)
[2.067s] Copying ../../build/controller_core/controller_core.egg-info to /home/rsl/crazyfly_ws/install/controller_core/lib/python3.10/site-packages/controller_core-0.0.0-py3.10.egg-info
[2.068s] running install_scripts
[2.093s] Installing ctrl_node script to /home/rsl/crazyfly_ws/install/controller_core/lib/controller_core
[2.093s] writing list of installed files to '/home/rsl/crazyfly_ws/build/controller_core/install.log'
[2.133s] Invoked command in '/home/rsl/crazyfly_ws/src/controller_core' returned '0': PYTHONPATH=/home/rsl/crazyfly_ws/build/controller_core/prefix_override:/home/rsl/crazyfly_ws/install/controller_core/lib/python3.10/site-packages:${PYTHONPATH} /usr/bin/python3 -W ignore:setup.py install is deprecated setup.py egg_info --egg-base ../../build/controller_core build --build-base /home/rsl/crazyfly_ws/build/controller_core/build install --record /home/rsl/crazyfly_ws/build/controller_core/install.log --single-version-externally-managed install_data
