running egg_info
writing ../../build/optitrack_core/optitrack_core.egg-info/PKG-INFO
writing dependency_links to ../../build/optitrack_core/optitrack_core.egg-info/dependency_links.txt
writing entry points to ../../build/optitrack_core/optitrack_core.egg-info/entry_points.txt
writing requirements to ../../build/optitrack_core/optitrack_core.egg-info/requires.txt
writing top-level names to ../../build/optitrack_core/optitrack_core.egg-info/top_level.txt
reading manifest file '../../build/optitrack_core/optitrack_core.egg-info/SOURCES.txt'
adding license file 'LICENSE'
writing manifest file '../../build/optitrack_core/optitrack_core.egg-info/SOURCES.txt'
running build
running build_py
running install
running install_lib
running install_data
running install_egg_info
removing '/home/rsl/crazyfly_ws/install/optitrack_core/lib/python3.10/site-packages/optitrack_core-0.0.0-py3.10.egg-info' (and everything under it)
Copying ../../build/optitrack_core/optitrack_core.egg-info to /home/rsl/crazyfly_ws/install/optitrack_core/lib/python3.10/site-packages/optitrack_core-0.0.0-py3.10.egg-info
running install_scripts
Installing get_data script to /home/rsl/crazyfly_ws/install/optitrack_core/lib/optitrack_core
writing list of installed files to '/home/rsl/crazyfly_ws/build/optitrack_core/install.log'
