running egg_info
writing ../../build/crazyfly_core/crazyfly_core.egg-info/PKG-INFO
writing dependency_links to ../../build/crazyfly_core/crazyfly_core.egg-info/dependency_links.txt
writing entry points to ../../build/crazyfly_core/crazyfly_core.egg-info/entry_points.txt
writing requirements to ../../build/crazyfly_core/crazyfly_core.egg-info/requires.txt
writing top-level names to ../../build/crazyfly_core/crazyfly_core.egg-info/top_level.txt
reading manifest file '../../build/crazyfly_core/crazyfly_core.egg-info/SOURCES.txt'
adding license file 'LICENSE'
writing manifest file '../../build/crazyfly_core/crazyfly_core.egg-info/SOURCES.txt'
running build
running build_py
running install
running install_lib
running install_data
running install_egg_info
removing '/home/rsl/crazyfly_ws/install/crazyfly_core/lib/python3.10/site-packages/crazyfly_core-0.0.0-py3.10.egg-info' (and everything under it)
Copying ../../build/crazyfly_core/crazyfly_core.egg-info to /home/rsl/crazyfly_ws/install/crazyfly_core/lib/python3.10/site-packages/crazyfly_core-0.0.0-py3.10.egg-info
running install_scripts
Installing cf_command_controller script to /home/rsl/crazyfly_ws/install/crazyfly_core/lib/crazyfly_core
Installing cf_command_controller2 script to /home/rsl/crazyfly_ws/install/crazyfly_core/lib/crazyfly_core
Installing cf_driver script to /home/rsl/crazyfly_ws/install/crazyfly_core/lib/crazyfly_core
Installing cf_thrust_controller script to /home/rsl/crazyfly_ws/install/crazyfly_core/lib/crazyfly_core
Installing fake_thrust_pub script to /home/rsl/crazyfly_ws/install/crazyfly_core/lib/crazyfly_core
Installing optitrack_subscriber script to /home/rsl/crazyfly_ws/install/crazyfly_core/lib/crazyfly_core
Installing optitrack_subscriber2 script to /home/rsl/crazyfly_ws/install/crazyfly_core/lib/crazyfly_core
writing list of installed files to '/home/rsl/crazyfly_ws/build/crazyfly_core/install.log'
