[1.163s] Invoking command in '/home/rsl/crazyfly_ws/src/crazyfly_core': PYTHONPATH=/home/rsl/crazyfly_ws/build/crazyfly_core/prefix_override:/home/rsl/crazyfly_ws/install/crazyfly_core/lib/python3.10/site-packages:${PYTHONPATH} /usr/bin/python3 -W ignore:setup.py install is deprecated setup.py egg_info --egg-base ../../build/crazyfly_core build --build-base /home/rsl/crazyfly_ws/build/crazyfly_core/build install --record /home/rsl/crazyfly_ws/build/crazyfly_core/install.log --single-version-externally-managed install_data
[1.395s] running egg_info
[1.403s] writing ../../build/crazyfly_core/crazyfly_core.egg-info/PKG-INFO
[1.403s] writing dependency_links to ../../build/crazyfly_core/crazyfly_core.egg-info/dependency_links.txt
[1.403s] writing entry points to ../../build/crazyfly_core/crazyfly_core.egg-info/entry_points.txt
[1.403s] writing requirements to ../../build/crazyfly_core/crazyfly_core.egg-info/requires.txt
[1.403s] writing top-level names to ../../build/crazyfly_core/crazyfly_core.egg-info/top_level.txt
[1.405s] reading manifest file '../../build/crazyfly_core/crazyfly_core.egg-info/SOURCES.txt'
[1.406s] adding license file 'LICENSE'
[1.406s] writing manifest file '../../build/crazyfly_core/crazyfly_core.egg-info/SOURCES.txt'
[1.407s] running build
[1.407s] running build_py
[1.407s] copying crazyfly_core/cf_driver.py -> /home/rsl/crazyfly_ws/build/crazyfly_core/build/lib/crazyfly_core
[1.407s] running install
[1.408s] running install_lib
[1.409s] copying /home/rsl/crazyfly_ws/build/crazyfly_core/build/lib/crazyfly_core/cf_driver.py -> /home/rsl/crazyfly_ws/install/crazyfly_core/lib/python3.10/site-packages/crazyfly_core
[1.410s] byte-compiling /home/rsl/crazyfly_ws/install/crazyfly_core/lib/python3.10/site-packages/crazyfly_core/cf_driver.py to cf_driver.cpython-310.pyc
[1.410s] running install_data
[1.411s] running install_egg_info
[1.413s] removing '/home/rsl/crazyfly_ws/install/crazyfly_core/lib/python3.10/site-packages/crazyfly_core-0.0.0-py3.10.egg-info' (and everything under it)
[1.413s] Copying ../../build/crazyfly_core/crazyfly_core.egg-info to /home/rsl/crazyfly_ws/install/crazyfly_core/lib/python3.10/site-packages/crazyfly_core-0.0.0-py3.10.egg-info
[1.414s] running install_scripts
[1.435s] Installing cf_driver script to /home/rsl/crazyfly_ws/install/crazyfly_core/lib/crazyfly_core
[1.435s] Installing fake_thrust_pub script to /home/rsl/crazyfly_ws/install/crazyfly_core/lib/crazyfly_core
[1.435s] Installing optitrack_subscriber script to /home/rsl/crazyfly_ws/install/crazyfly_core/lib/crazyfly_core
[1.436s] writing list of installed files to '/home/rsl/crazyfly_ws/build/crazyfly_core/install.log'
[1.470s] Invoked command in '/home/rsl/crazyfly_ws/src/crazyfly_core' returned '0': PYTHONPATH=/home/rsl/crazyfly_ws/build/crazyfly_core/prefix_override:/home/rsl/crazyfly_ws/install/crazyfly_core/lib/python3.10/site-packages:${PYTHONPATH} /usr/bin/python3 -W ignore:setup.py install is deprecated setup.py egg_info --egg-base ../../build/crazyfly_core build --build-base /home/rsl/crazyfly_ws/build/crazyfly_core/build install --record /home/rsl/crazyfly_ws/build/crazyfly_core/install.log --single-version-externally-managed install_data
