[0.179s] DEBUG:colcon:Command line arguments: ['/usr/bin/colcon', 'build']
[0.179s] DEBUG:colcon:Parsed command line arguments: Namespace(log_base=None, log_level=None, verb_name='build', build_base='build', install_base='install', merge_install=False, symlink_install=False, test_result_base=None, continue_on_error=False, executor='parallel', parallel_workers=8, event_handlers=None, ignore_user_meta=False, metas=['./colcon.meta'], base_paths=['.'], packages_ignore=None, packages_ignore_regex=None, paths=None, packages_up_to=None, packages_up_to_regex=None, packages_above=None, packages_above_and_dependencies=None, packages_above_depth=None, packages_select_by_dep=None, packages_skip_by_dep=None, packages_skip_up_to=None, packages_select_build_failed=False, packages_skip_build_finished=False, packages_select_test_failures=False, packages_skip_test_passed=False, packages_select=None, packages_skip=None, packages_select_regex=None, packages_skip_regex=None, packages_start=None, packages_end=None, allow_overriding=[], cmake_args=None, cmake_target=None, cmake_target_skip_unavailable=False, cmake_clean_cache=False, cmake_clean_first=False, cmake_force_configure=False, ament_cmake_args=None, catkin_cmake_args=None, catkin_skip_building_tests=False, verb_parser=<colcon_defaults.argument_parser.defaults.DefaultArgumentsDecorator object at 0x7f1b1a5fc8b0>, verb_extension=<colcon_core.verb.build.BuildVerb object at 0x7f1b1a5fc400>, main=<bound method BuildVerb.main of <colcon_core.verb.build.BuildVerb object at 0x7f1b1a5fc400>>)
[0.506s] Level 1:colcon.colcon_core.package_discovery:discover_packages(colcon_meta) check parameters
[0.506s] Level 1:colcon.colcon_core.package_discovery:discover_packages(recursive) check parameters
[0.506s] Level 1:colcon.colcon_core.package_discovery:discover_packages(ignore) check parameters
[0.506s] Level 1:colcon.colcon_core.package_discovery:discover_packages(path) check parameters
[0.506s] Level 1:colcon.colcon_core.package_discovery:discover_packages(colcon_meta) discover
[0.506s] Level 1:colcon.colcon_core.package_discovery:discover_packages(recursive) discover
[0.506s] INFO:colcon.colcon_core.package_discovery:Crawling recursively for packages in '/home/rsl/crazyfly_ws'
[0.506s] Level 1:colcon.colcon_core.package_identification:_identify(.) by extensions ['ignore', 'ignore_ament_install']
[0.506s] Level 1:colcon.colcon_core.package_identification:_identify(.) by extension 'ignore'
[0.507s] Level 1:colcon.colcon_core.package_identification:_identify(.) by extension 'ignore_ament_install'
[0.507s] Level 1:colcon.colcon_core.package_identification:_identify(.) by extensions ['colcon_pkg']
[0.507s] Level 1:colcon.colcon_core.package_identification:_identify(.) by extension 'colcon_pkg'
[0.507s] Level 1:colcon.colcon_core.package_identification:_identify(.) by extensions ['colcon_meta']
[0.507s] Level 1:colcon.colcon_core.package_identification:_identify(.) by extension 'colcon_meta'
[0.507s] Level 1:colcon.colcon_core.package_identification:_identify(.) by extensions ['ros']
[0.507s] Level 1:colcon.colcon_core.package_identification:_identify(.) by extension 'ros'
[0.523s] Level 1:colcon.colcon_core.package_identification:_identify(.) by extensions ['cmake', 'python']
[0.524s] Level 1:colcon.colcon_core.package_identification:_identify(.) by extension 'cmake'
[0.524s] Level 1:colcon.colcon_core.package_identification:_identify(.) by extension 'python'
[0.524s] Level 1:colcon.colcon_core.package_identification:_identify(.) by extensions ['python_setup_py']
[0.524s] Level 1:colcon.colcon_core.package_identification:_identify(.) by extension 'python_setup_py'
[0.524s] Level 1:colcon.colcon_core.package_identification:_identify(build) by extensions ['ignore', 'ignore_ament_install']
[0.524s] Level 1:colcon.colcon_core.package_identification:_identify(build) by extension 'ignore'
[0.524s] Level 1:colcon.colcon_core.package_identification:_identify(build) ignored
[0.524s] Level 1:colcon.colcon_core.package_identification:_identify(cache) by extensions ['ignore', 'ignore_ament_install']
[0.525s] Level 1:colcon.colcon_core.package_identification:_identify(cache) by extension 'ignore'
[0.525s] Level 1:colcon.colcon_core.package_identification:_identify(cache) by extension 'ignore_ament_install'
[0.525s] Level 1:colcon.colcon_core.package_identification:_identify(cache) by extensions ['colcon_pkg']
[0.525s] Level 1:colcon.colcon_core.package_identification:_identify(cache) by extension 'colcon_pkg'
[0.525s] Level 1:colcon.colcon_core.package_identification:_identify(cache) by extensions ['colcon_meta']
[0.525s] Level 1:colcon.colcon_core.package_identification:_identify(cache) by extension 'colcon_meta'
[0.525s] Level 1:colcon.colcon_core.package_identification:_identify(cache) by extensions ['ros']
[0.525s] Level 1:colcon.colcon_core.package_identification:_identify(cache) by extension 'ros'
[0.525s] Level 1:colcon.colcon_core.package_identification:_identify(cache) by extensions ['cmake', 'python']
[0.525s] Level 1:colcon.colcon_core.package_identification:_identify(cache) by extension 'cmake'
[0.525s] Level 1:colcon.colcon_core.package_identification:_identify(cache) by extension 'python'
[0.525s] Level 1:colcon.colcon_core.package_identification:_identify(cache) by extensions ['python_setup_py']
[0.526s] Level 1:colcon.colcon_core.package_identification:_identify(cache) by extension 'python_setup_py'
[0.526s] Level 1:colcon.colcon_core.package_identification:_identify(data) by extensions ['ignore', 'ignore_ament_install']
[0.526s] Level 1:colcon.colcon_core.package_identification:_identify(data) by extension 'ignore'
[0.526s] Level 1:colcon.colcon_core.package_identification:_identify(data) by extension 'ignore_ament_install'
[0.526s] Level 1:colcon.colcon_core.package_identification:_identify(data) by extensions ['colcon_pkg']
[0.526s] Level 1:colcon.colcon_core.package_identification:_identify(data) by extension 'colcon_pkg'
[0.526s] Level 1:colcon.colcon_core.package_identification:_identify(data) by extensions ['colcon_meta']
[0.526s] Level 1:colcon.colcon_core.package_identification:_identify(data) by extension 'colcon_meta'
[0.526s] Level 1:colcon.colcon_core.package_identification:_identify(data) by extensions ['ros']
[0.526s] Level 1:colcon.colcon_core.package_identification:_identify(data) by extension 'ros'
[0.527s] Level 1:colcon.colcon_core.package_identification:_identify(data) by extensions ['cmake', 'python']
[0.527s] Level 1:colcon.colcon_core.package_identification:_identify(data) by extension 'cmake'
[0.527s] Level 1:colcon.colcon_core.package_identification:_identify(data) by extension 'python'
[0.527s] Level 1:colcon.colcon_core.package_identification:_identify(data) by extensions ['python_setup_py']
[0.527s] Level 1:colcon.colcon_core.package_identification:_identify(data) by extension 'python_setup_py'
[0.527s] Level 1:colcon.colcon_core.package_identification:_identify(install) by extensions ['ignore', 'ignore_ament_install']
[0.527s] Level 1:colcon.colcon_core.package_identification:_identify(install) by extension 'ignore'
[0.527s] Level 1:colcon.colcon_core.package_identification:_identify(install) ignored
[0.527s] Level 1:colcon.colcon_core.package_identification:_identify(launch) by extensions ['ignore', 'ignore_ament_install']
[0.528s] Level 1:colcon.colcon_core.package_identification:_identify(launch) by extension 'ignore'
[0.528s] Level 1:colcon.colcon_core.package_identification:_identify(launch) by extension 'ignore_ament_install'
[0.528s] Level 1:colcon.colcon_core.package_identification:_identify(launch) by extensions ['colcon_pkg']
[0.528s] Level 1:colcon.colcon_core.package_identification:_identify(launch) by extension 'colcon_pkg'
[0.528s] Level 1:colcon.colcon_core.package_identification:_identify(launch) by extensions ['colcon_meta']
[0.528s] Level 1:colcon.colcon_core.package_identification:_identify(launch) by extension 'colcon_meta'
[0.528s] Level 1:colcon.colcon_core.package_identification:_identify(launch) by extensions ['ros']
[0.528s] Level 1:colcon.colcon_core.package_identification:_identify(launch) by extension 'ros'
[0.528s] Level 1:colcon.colcon_core.package_identification:_identify(launch) by extensions ['cmake', 'python']
[0.528s] Level 1:colcon.colcon_core.package_identification:_identify(launch) by extension 'cmake'
[0.528s] Level 1:colcon.colcon_core.package_identification:_identify(launch) by extension 'python'
[0.529s] Level 1:colcon.colcon_core.package_identification:_identify(launch) by extensions ['python_setup_py']
[0.529s] Level 1:colcon.colcon_core.package_identification:_identify(launch) by extension 'python_setup_py'
[0.529s] Level 1:colcon.colcon_core.package_identification:_identify(launch/__pycache__) by extensions ['ignore', 'ignore_ament_install']
[0.529s] Level 1:colcon.colcon_core.package_identification:_identify(launch/__pycache__) by extension 'ignore'
[0.529s] Level 1:colcon.colcon_core.package_identification:_identify(launch/__pycache__) by extension 'ignore_ament_install'
[0.529s] Level 1:colcon.colcon_core.package_identification:_identify(launch/__pycache__) by extensions ['colcon_pkg']
[0.529s] Level 1:colcon.colcon_core.package_identification:_identify(launch/__pycache__) by extension 'colcon_pkg'
[0.529s] Level 1:colcon.colcon_core.package_identification:_identify(launch/__pycache__) by extensions ['colcon_meta']
[0.529s] Level 1:colcon.colcon_core.package_identification:_identify(launch/__pycache__) by extension 'colcon_meta'
[0.529s] Level 1:colcon.colcon_core.package_identification:_identify(launch/__pycache__) by extensions ['ros']
[0.529s] Level 1:colcon.colcon_core.package_identification:_identify(launch/__pycache__) by extension 'ros'
[0.530s] Level 1:colcon.colcon_core.package_identification:_identify(launch/__pycache__) by extensions ['cmake', 'python']
[0.530s] Level 1:colcon.colcon_core.package_identification:_identify(launch/__pycache__) by extension 'cmake'
[0.530s] Level 1:colcon.colcon_core.package_identification:_identify(launch/__pycache__) by extension 'python'
[0.530s] Level 1:colcon.colcon_core.package_identification:_identify(launch/__pycache__) by extensions ['python_setup_py']
[0.530s] Level 1:colcon.colcon_core.package_identification:_identify(launch/__pycache__) by extension 'python_setup_py'
[0.530s] Level 1:colcon.colcon_core.package_identification:_identify(log) by extensions ['ignore', 'ignore_ament_install']
[0.531s] Level 1:colcon.colcon_core.package_identification:_identify(log) by extension 'ignore'
[0.531s] Level 1:colcon.colcon_core.package_identification:_identify(log) ignored
[0.531s] Level 1:colcon.colcon_core.package_identification:_identify(src) by extensions ['ignore', 'ignore_ament_install']
[0.531s] Level 1:colcon.colcon_core.package_identification:_identify(src) by extension 'ignore'
[0.531s] Level 1:colcon.colcon_core.package_identification:_identify(src) by extension 'ignore_ament_install'
[0.531s] Level 1:colcon.colcon_core.package_identification:_identify(src) by extensions ['colcon_pkg']
[0.531s] Level 1:colcon.colcon_core.package_identification:_identify(src) by extension 'colcon_pkg'
[0.531s] Level 1:colcon.colcon_core.package_identification:_identify(src) by extensions ['colcon_meta']
[0.532s] Level 1:colcon.colcon_core.package_identification:_identify(src) by extension 'colcon_meta'
[0.532s] Level 1:colcon.colcon_core.package_identification:_identify(src) by extensions ['ros']
[0.532s] Level 1:colcon.colcon_core.package_identification:_identify(src) by extension 'ros'
[0.532s] Level 1:colcon.colcon_core.package_identification:_identify(src) by extensions ['cmake', 'python']
[0.532s] Level 1:colcon.colcon_core.package_identification:_identify(src) by extension 'cmake'
[0.532s] Level 1:colcon.colcon_core.package_identification:_identify(src) by extension 'python'
[0.532s] Level 1:colcon.colcon_core.package_identification:_identify(src) by extensions ['python_setup_py']
[0.532s] Level 1:colcon.colcon_core.package_identification:_identify(src) by extension 'python_setup_py'
[0.532s] Level 1:colcon.colcon_core.package_identification:_identify(src/controller_core) by extensions ['ignore', 'ignore_ament_install']
[0.532s] Level 1:colcon.colcon_core.package_identification:_identify(src/controller_core) by extension 'ignore'
[0.533s] Level 1:colcon.colcon_core.package_identification:_identify(src/controller_core) by extension 'ignore_ament_install'
[0.533s] Level 1:colcon.colcon_core.package_identification:_identify(src/controller_core) by extensions ['colcon_pkg']
[0.533s] Level 1:colcon.colcon_core.package_identification:_identify(src/controller_core) by extension 'colcon_pkg'
[0.533s] Level 1:colcon.colcon_core.package_identification:_identify(src/controller_core) by extensions ['colcon_meta']
[0.533s] Level 1:colcon.colcon_core.package_identification:_identify(src/controller_core) by extension 'colcon_meta'
[0.533s] Level 1:colcon.colcon_core.package_identification:_identify(src/controller_core) by extensions ['ros']
[0.533s] Level 1:colcon.colcon_core.package_identification:_identify(src/controller_core) by extension 'ros'
[0.537s] DEBUG:colcon.colcon_core.package_identification:Package 'src/controller_core' with type 'ros.ament_python' and name 'controller_core'
[0.537s] Level 1:colcon.colcon_core.package_identification:_identify(src/crazyfly_core) by extensions ['ignore', 'ignore_ament_install']
[0.537s] Level 1:colcon.colcon_core.package_identification:_identify(src/crazyfly_core) by extension 'ignore'
[0.537s] Level 1:colcon.colcon_core.package_identification:_identify(src/crazyfly_core) by extension 'ignore_ament_install'
[0.537s] Level 1:colcon.colcon_core.package_identification:_identify(src/crazyfly_core) by extensions ['colcon_pkg']
[0.537s] Level 1:colcon.colcon_core.package_identification:_identify(src/crazyfly_core) by extension 'colcon_pkg'
[0.537s] Level 1:colcon.colcon_core.package_identification:_identify(src/crazyfly_core) by extensions ['colcon_meta']
[0.537s] Level 1:colcon.colcon_core.package_identification:_identify(src/crazyfly_core) by extension 'colcon_meta'
[0.537s] Level 1:colcon.colcon_core.package_identification:_identify(src/crazyfly_core) by extensions ['ros']
[0.537s] Level 1:colcon.colcon_core.package_identification:_identify(src/crazyfly_core) by extension 'ros'
[0.538s] DEBUG:colcon.colcon_core.package_identification:Package 'src/crazyfly_core' with type 'ros.ament_python' and name 'crazyfly_core'
[0.538s] Level 1:colcon.colcon_core.package_identification:_identify(src/optitrack_core) by extensions ['ignore', 'ignore_ament_install']
[0.538s] Level 1:colcon.colcon_core.package_identification:_identify(src/optitrack_core) by extension 'ignore'
[0.539s] Level 1:colcon.colcon_core.package_identification:_identify(src/optitrack_core) by extension 'ignore_ament_install'
[0.539s] Level 1:colcon.colcon_core.package_identification:_identify(src/optitrack_core) by extensions ['colcon_pkg']
[0.539s] Level 1:colcon.colcon_core.package_identification:_identify(src/optitrack_core) by extension 'colcon_pkg'
[0.539s] Level 1:colcon.colcon_core.package_identification:_identify(src/optitrack_core) by extensions ['colcon_meta']
[0.539s] Level 1:colcon.colcon_core.package_identification:_identify(src/optitrack_core) by extension 'colcon_meta'
[0.539s] Level 1:colcon.colcon_core.package_identification:_identify(src/optitrack_core) by extensions ['ros']
[0.539s] Level 1:colcon.colcon_core.package_identification:_identify(src/optitrack_core) by extension 'ros'
[0.540s] DEBUG:colcon.colcon_core.package_identification:Package 'src/optitrack_core' with type 'ros.ament_python' and name 'optitrack_core'
[0.540s] Level 1:colcon.colcon_core.package_discovery:discover_packages(recursive) using defaults
[0.540s] Level 1:colcon.colcon_core.package_discovery:discover_packages(ignore) discover
[0.540s] Level 1:colcon.colcon_core.package_discovery:discover_packages(ignore) using defaults
[0.540s] Level 1:colcon.colcon_core.package_discovery:discover_packages(path) discover
[0.540s] Level 1:colcon.colcon_core.package_discovery:discover_packages(path) using defaults
[0.575s] Level 1:colcon.colcon_core.package_discovery:discover_packages(prefix_path) check parameters
[0.575s] Level 1:colcon.colcon_core.package_discovery:discover_packages(prefix_path) discover
[0.579s] DEBUG:colcon.colcon_installed_package_information.package_discovery:Found 3 installed packages in /home/rsl/crazyfly_ws/install
[0.581s] DEBUG:colcon.colcon_installed_package_information.package_discovery:Found 271 installed packages in /opt/ros/humble
[0.595s] Level 1:colcon.colcon_core.package_discovery:discover_packages(prefix_path) using defaults
[0.675s] Level 5:colcon.colcon_core.verb:set package 'controller_core' build argument 'cmake_args' from command line to 'None'
[0.676s] Level 5:colcon.colcon_core.verb:set package 'controller_core' build argument 'cmake_target' from command line to 'None'
[0.676s] Level 5:colcon.colcon_core.verb:set package 'controller_core' build argument 'cmake_target_skip_unavailable' from command line to 'False'
[0.676s] Level 5:colcon.colcon_core.verb:set package 'controller_core' build argument 'cmake_clean_cache' from command line to 'False'
[0.676s] Level 5:colcon.colcon_core.verb:set package 'controller_core' build argument 'cmake_clean_first' from command line to 'False'
[0.676s] Level 5:colcon.colcon_core.verb:set package 'controller_core' build argument 'cmake_force_configure' from command line to 'False'
[0.676s] Level 5:colcon.colcon_core.verb:set package 'controller_core' build argument 'ament_cmake_args' from command line to 'None'
[0.676s] Level 5:colcon.colcon_core.verb:set package 'controller_core' build argument 'catkin_cmake_args' from command line to 'None'
[0.676s] Level 5:colcon.colcon_core.verb:set package 'controller_core' build argument 'catkin_skip_building_tests' from command line to 'False'
[0.676s] DEBUG:colcon.colcon_core.verb:Building package 'controller_core' with the following arguments: {'ament_cmake_args': None, 'build_base': '/home/rsl/crazyfly_ws/build/controller_core', 'catkin_cmake_args': None, 'catkin_skip_building_tests': False, 'cmake_args': None, 'cmake_clean_cache': False, 'cmake_clean_first': False, 'cmake_force_configure': False, 'cmake_target': None, 'cmake_target_skip_unavailable': False, 'install_base': '/home/rsl/crazyfly_ws/install/controller_core', 'merge_install': False, 'path': '/home/rsl/crazyfly_ws/src/controller_core', 'symlink_install': False, 'test_result_base': None}
[0.676s] Level 5:colcon.colcon_core.verb:set package 'crazyfly_core' build argument 'cmake_args' from command line to 'None'
[0.676s] Level 5:colcon.colcon_core.verb:set package 'crazyfly_core' build argument 'cmake_target' from command line to 'None'
[0.676s] Level 5:colcon.colcon_core.verb:set package 'crazyfly_core' build argument 'cmake_target_skip_unavailable' from command line to 'False'
[0.677s] Level 5:colcon.colcon_core.verb:set package 'crazyfly_core' build argument 'cmake_clean_cache' from command line to 'False'
[0.677s] Level 5:colcon.colcon_core.verb:set package 'crazyfly_core' build argument 'cmake_clean_first' from command line to 'False'
[0.677s] Level 5:colcon.colcon_core.verb:set package 'crazyfly_core' build argument 'cmake_force_configure' from command line to 'False'
[0.677s] Level 5:colcon.colcon_core.verb:set package 'crazyfly_core' build argument 'ament_cmake_args' from command line to 'None'
[0.677s] Level 5:colcon.colcon_core.verb:set package 'crazyfly_core' build argument 'catkin_cmake_args' from command line to 'None'
[0.677s] Level 5:colcon.colcon_core.verb:set package 'crazyfly_core' build argument 'catkin_skip_building_tests' from command line to 'False'
[0.677s] DEBUG:colcon.colcon_core.verb:Building package 'crazyfly_core' with the following arguments: {'ament_cmake_args': None, 'build_base': '/home/rsl/crazyfly_ws/build/crazyfly_core', 'catkin_cmake_args': None, 'catkin_skip_building_tests': False, 'cmake_args': None, 'cmake_clean_cache': False, 'cmake_clean_first': False, 'cmake_force_configure': False, 'cmake_target': None, 'cmake_target_skip_unavailable': False, 'install_base': '/home/rsl/crazyfly_ws/install/crazyfly_core', 'merge_install': False, 'path': '/home/rsl/crazyfly_ws/src/crazyfly_core', 'symlink_install': False, 'test_result_base': None}
[0.677s] Level 5:colcon.colcon_core.verb:set package 'optitrack_core' build argument 'cmake_args' from command line to 'None'
[0.677s] Level 5:colcon.colcon_core.verb:set package 'optitrack_core' build argument 'cmake_target' from command line to 'None'
[0.677s] Level 5:colcon.colcon_core.verb:set package 'optitrack_core' build argument 'cmake_target_skip_unavailable' from command line to 'False'
[0.677s] Level 5:colcon.colcon_core.verb:set package 'optitrack_core' build argument 'cmake_clean_cache' from command line to 'False'
[0.677s] Level 5:colcon.colcon_core.verb:set package 'optitrack_core' build argument 'cmake_clean_first' from command line to 'False'
[0.677s] Level 5:colcon.colcon_core.verb:set package 'optitrack_core' build argument 'cmake_force_configure' from command line to 'False'
[0.678s] Level 5:colcon.colcon_core.verb:set package 'optitrack_core' build argument 'ament_cmake_args' from command line to 'None'
[0.678s] Level 5:colcon.colcon_core.verb:set package 'optitrack_core' build argument 'catkin_cmake_args' from command line to 'None'
[0.678s] Level 5:colcon.colcon_core.verb:set package 'optitrack_core' build argument 'catkin_skip_building_tests' from command line to 'False'
[0.678s] DEBUG:colcon.colcon_core.verb:Building package 'optitrack_core' with the following arguments: {'ament_cmake_args': None, 'build_base': '/home/rsl/crazyfly_ws/build/optitrack_core', 'catkin_cmake_args': None, 'catkin_skip_building_tests': False, 'cmake_args': None, 'cmake_clean_cache': False, 'cmake_clean_first': False, 'cmake_force_configure': False, 'cmake_target': None, 'cmake_target_skip_unavailable': False, 'install_base': '/home/rsl/crazyfly_ws/install/optitrack_core', 'merge_install': False, 'path': '/home/rsl/crazyfly_ws/src/optitrack_core', 'symlink_install': False, 'test_result_base': None}
[0.678s] INFO:colcon.colcon_core.executor:Executing jobs using 'parallel' executor
[0.679s] DEBUG:colcon.colcon_parallel_executor.executor.parallel:run_until_complete
[0.679s] INFO:colcon.colcon_ros.task.ament_python.build:Building ROS package in '/home/rsl/crazyfly_ws/src/controller_core' with build type 'ament_python'
[0.680s] Level 1:colcon.colcon_core.shell:create_environment_hook('controller_core', 'ament_prefix_path')
[0.685s] INFO:colcon.colcon_core.plugin_system:Skipping extension 'colcon_core.shell.bat': Not used on non-Windows systems
[0.685s] INFO:colcon.colcon_core.shell:Creating environment hook '/home/rsl/crazyfly_ws/install/controller_core/share/controller_core/hook/ament_prefix_path.ps1'
[0.686s] INFO:colcon.colcon_core.shell:Creating environment descriptor '/home/rsl/crazyfly_ws/install/controller_core/share/controller_core/hook/ament_prefix_path.dsv'
[0.687s] INFO:colcon.colcon_core.shell:Creating environment hook '/home/rsl/crazyfly_ws/install/controller_core/share/controller_core/hook/ament_prefix_path.sh'
[0.688s] INFO:colcon.colcon_core.shell:Skip shell extension 'powershell' for command environment: Not usable outside of PowerShell
[0.688s] DEBUG:colcon.colcon_core.shell:Skip shell extension 'dsv' for command environment
[0.693s] INFO:colcon.colcon_ros.task.ament_python.build:Building ROS package in '/home/rsl/crazyfly_ws/src/crazyfly_core' with build type 'ament_python'
[0.693s] Level 1:colcon.colcon_core.shell:create_environment_hook('crazyfly_core', 'ament_prefix_path')
[0.693s] INFO:colcon.colcon_core.shell:Creating environment hook '/home/rsl/crazyfly_ws/install/crazyfly_core/share/crazyfly_core/hook/ament_prefix_path.ps1'
[0.694s] INFO:colcon.colcon_core.shell:Creating environment descriptor '/home/rsl/crazyfly_ws/install/crazyfly_core/share/crazyfly_core/hook/ament_prefix_path.dsv'
[0.694s] INFO:colcon.colcon_core.shell:Creating environment hook '/home/rsl/crazyfly_ws/install/crazyfly_core/share/crazyfly_core/hook/ament_prefix_path.sh'
[0.695s] INFO:colcon.colcon_core.shell:Skip shell extension 'powershell' for command environment: Not usable outside of PowerShell
[0.695s] DEBUG:colcon.colcon_core.shell:Skip shell extension 'dsv' for command environment
[0.698s] INFO:colcon.colcon_ros.task.ament_python.build:Building ROS package in '/home/rsl/crazyfly_ws/src/optitrack_core' with build type 'ament_python'
[0.698s] Level 1:colcon.colcon_core.shell:create_environment_hook('optitrack_core', 'ament_prefix_path')
[0.698s] INFO:colcon.colcon_core.shell:Creating environment hook '/home/rsl/crazyfly_ws/install/optitrack_core/share/optitrack_core/hook/ament_prefix_path.ps1'
[0.699s] INFO:colcon.colcon_core.shell:Creating environment descriptor '/home/rsl/crazyfly_ws/install/optitrack_core/share/optitrack_core/hook/ament_prefix_path.dsv'
[0.699s] INFO:colcon.colcon_core.shell:Creating environment hook '/home/rsl/crazyfly_ws/install/optitrack_core/share/optitrack_core/hook/ament_prefix_path.sh'
[0.700s] INFO:colcon.colcon_core.shell:Skip shell extension 'powershell' for command environment: Not usable outside of PowerShell
[0.700s] DEBUG:colcon.colcon_core.shell:Skip shell extension 'dsv' for command environment
[1.026s] INFO:colcon.colcon_core.task.python.build:Building Python package in '/home/rsl/crazyfly_ws/src/controller_core'
[1.026s] INFO:colcon.colcon_core.shell:Skip shell extension 'powershell' for command environment: Not usable outside of PowerShell
[1.027s] DEBUG:colcon.colcon_core.shell:Skip shell extension 'dsv' for command environment
[1.307s] INFO:colcon.colcon_core.task.python.build:Building Python package in '/home/rsl/crazyfly_ws/src/crazyfly_core'
[1.308s] INFO:colcon.colcon_core.shell:Skip shell extension 'powershell' for command environment: Not usable outside of PowerShell
[1.308s] DEBUG:colcon.colcon_core.shell:Skip shell extension 'dsv' for command environment
[1.598s] INFO:colcon.colcon_core.task.python.build:Building Python package in '/home/rsl/crazyfly_ws/src/optitrack_core'
[1.599s] INFO:colcon.colcon_core.shell:Skip shell extension 'powershell' for command environment: Not usable outside of PowerShell
[1.599s] DEBUG:colcon.colcon_core.shell:Skip shell extension 'dsv' for command environment
[2.054s] DEBUG:colcon.colcon_core.event_handler.log_command:Invoking command in '/home/rsl/crazyfly_ws/src/crazyfly_core': PYTHONPATH=/home/rsl/crazyfly_ws/build/crazyfly_core/prefix_override:/home/rsl/crazyfly_ws/install/crazyfly_core/lib/python3.10/site-packages:${PYTHONPATH} /usr/bin/python3 -W ignore:setup.py install is deprecated setup.py egg_info --egg-base ../../build/crazyfly_core build --build-base /home/rsl/crazyfly_ws/build/crazyfly_core/build install --record /home/rsl/crazyfly_ws/build/crazyfly_core/install.log --single-version-externally-managed install_data
[2.061s] DEBUG:colcon.colcon_core.event_handler.log_command:Invoking command in '/home/rsl/crazyfly_ws/src/optitrack_core': PYTHONPATH=/home/rsl/crazyfly_ws/build/optitrack_core/prefix_override:/home/rsl/crazyfly_ws/install/optitrack_core/lib/python3.10/site-packages:${PYTHONPATH} /usr/bin/python3 -W ignore:setup.py install is deprecated setup.py egg_info --egg-base ../../build/optitrack_core build --build-base /home/rsl/crazyfly_ws/build/optitrack_core/build install --record /home/rsl/crazyfly_ws/build/optitrack_core/install.log --single-version-externally-managed install_data
[2.074s] DEBUG:colcon.colcon_core.event_handler.log_command:Invoking command in '/home/rsl/crazyfly_ws/src/controller_core': PYTHONPATH=/home/rsl/crazyfly_ws/build/controller_core/prefix_override:/home/rsl/crazyfly_ws/install/controller_core/lib/python3.10/site-packages:${PYTHONPATH} /usr/bin/python3 -W ignore:setup.py install is deprecated setup.py egg_info --egg-base ../../build/controller_core build --build-base /home/rsl/crazyfly_ws/build/controller_core/build install --record /home/rsl/crazyfly_ws/build/controller_core/install.log --single-version-externally-managed install_data
[2.414s] DEBUG:colcon.colcon_core.event_handler.log_command:Invoked command in '/home/rsl/crazyfly_ws/src/controller_core' returned '0': PYTHONPATH=/home/rsl/crazyfly_ws/build/controller_core/prefix_override:/home/rsl/crazyfly_ws/install/controller_core/lib/python3.10/site-packages:${PYTHONPATH} /usr/bin/python3 -W ignore:setup.py install is deprecated setup.py egg_info --egg-base ../../build/controller_core build --build-base /home/rsl/crazyfly_ws/build/controller_core/build install --record /home/rsl/crazyfly_ws/build/controller_core/install.log --single-version-externally-managed install_data
[2.422s] Level 1:colcon.colcon_core.environment:checking '/home/rsl/crazyfly_ws/install/controller_core' for CMake module files
[2.423s] Level 1:colcon.colcon_core.environment:checking '/home/rsl/crazyfly_ws/install/controller_core' for CMake config files
[2.425s] Level 1:colcon.colcon_core.environment:checking '/home/rsl/crazyfly_ws/install/controller_core/lib'
[2.425s] Level 1:colcon.colcon_core.environment:checking '/home/rsl/crazyfly_ws/install/controller_core/bin'
[2.425s] Level 1:colcon.colcon_core.environment:checking '/home/rsl/crazyfly_ws/install/controller_core/lib/pkgconfig/controller_core.pc'
[2.425s] Level 1:colcon.colcon_core.environment:checking '/home/rsl/crazyfly_ws/install/controller_core/lib/python3.10/site-packages'
[2.426s] Level 1:colcon.colcon_core.shell:create_environment_hook('controller_core', 'pythonpath')
[2.426s] INFO:colcon.colcon_core.shell:Creating environment hook '/home/rsl/crazyfly_ws/install/controller_core/share/controller_core/hook/pythonpath.ps1'
[2.427s] INFO:colcon.colcon_core.shell:Creating environment descriptor '/home/rsl/crazyfly_ws/install/controller_core/share/controller_core/hook/pythonpath.dsv'
[2.427s] INFO:colcon.colcon_core.shell:Creating environment hook '/home/rsl/crazyfly_ws/install/controller_core/share/controller_core/hook/pythonpath.sh'
[2.428s] Level 1:colcon.colcon_core.environment:checking '/home/rsl/crazyfly_ws/install/controller_core/bin'
[2.428s] Level 1:colcon.colcon_core.environment:create_environment_scripts_only(controller_core)
[2.428s] INFO:colcon.colcon_core.shell:Creating package script '/home/rsl/crazyfly_ws/install/controller_core/share/controller_core/package.ps1'
[2.430s] INFO:colcon.colcon_core.shell:Creating package descriptor '/home/rsl/crazyfly_ws/install/controller_core/share/controller_core/package.dsv'
[2.430s] INFO:colcon.colcon_core.shell:Creating package script '/home/rsl/crazyfly_ws/install/controller_core/share/controller_core/package.sh'
[2.431s] INFO:colcon.colcon_core.shell:Creating package script '/home/rsl/crazyfly_ws/install/controller_core/share/controller_core/package.bash'
[2.433s] INFO:colcon.colcon_core.shell:Creating package script '/home/rsl/crazyfly_ws/install/controller_core/share/controller_core/package.zsh'
[2.434s] Level 1:colcon.colcon_core.environment:create_file_with_runtime_dependencies(/home/rsl/crazyfly_ws/install/controller_core/share/colcon-core/packages/controller_core)
[2.436s] Level 1:colcon.colcon_core.environment:checking '/home/rsl/crazyfly_ws/install/crazyfly_core' for CMake module files
[2.437s] DEBUG:colcon.colcon_core.event_handler.log_command:Invoked command in '/home/rsl/crazyfly_ws/src/crazyfly_core' returned '0': PYTHONPATH=/home/rsl/crazyfly_ws/build/crazyfly_core/prefix_override:/home/rsl/crazyfly_ws/install/crazyfly_core/lib/python3.10/site-packages:${PYTHONPATH} /usr/bin/python3 -W ignore:setup.py install is deprecated setup.py egg_info --egg-base ../../build/crazyfly_core build --build-base /home/rsl/crazyfly_ws/build/crazyfly_core/build install --record /home/rsl/crazyfly_ws/build/crazyfly_core/install.log --single-version-externally-managed install_data
[2.437s] Level 1:colcon.colcon_core.environment:checking '/home/rsl/crazyfly_ws/install/crazyfly_core' for CMake config files
[2.438s] Level 1:colcon.colcon_core.environment:checking '/home/rsl/crazyfly_ws/install/crazyfly_core/lib'
[2.438s] Level 1:colcon.colcon_core.environment:checking '/home/rsl/crazyfly_ws/install/crazyfly_core/bin'
[2.438s] Level 1:colcon.colcon_core.environment:checking '/home/rsl/crazyfly_ws/install/crazyfly_core/lib/pkgconfig/crazyfly_core.pc'
[2.439s] Level 1:colcon.colcon_core.environment:checking '/home/rsl/crazyfly_ws/install/crazyfly_core/lib/python3.10/site-packages'
[2.439s] Level 1:colcon.colcon_core.shell:create_environment_hook('crazyfly_core', 'pythonpath')
[2.439s] INFO:colcon.colcon_core.shell:Creating environment hook '/home/rsl/crazyfly_ws/install/crazyfly_core/share/crazyfly_core/hook/pythonpath.ps1'
[2.440s] INFO:colcon.colcon_core.shell:Creating environment descriptor '/home/rsl/crazyfly_ws/install/crazyfly_core/share/crazyfly_core/hook/pythonpath.dsv'
[2.441s] INFO:colcon.colcon_core.shell:Creating environment hook '/home/rsl/crazyfly_ws/install/crazyfly_core/share/crazyfly_core/hook/pythonpath.sh'
[2.441s] Level 1:colcon.colcon_core.environment:checking '/home/rsl/crazyfly_ws/install/crazyfly_core/bin'
[2.442s] Level 1:colcon.colcon_core.environment:create_environment_scripts_only(crazyfly_core)
[2.442s] INFO:colcon.colcon_core.shell:Creating package script '/home/rsl/crazyfly_ws/install/crazyfly_core/share/crazyfly_core/package.ps1'
[2.443s] INFO:colcon.colcon_core.shell:Creating package descriptor '/home/rsl/crazyfly_ws/install/crazyfly_core/share/crazyfly_core/package.dsv'
[2.443s] INFO:colcon.colcon_core.shell:Creating package script '/home/rsl/crazyfly_ws/install/crazyfly_core/share/crazyfly_core/package.sh'
[2.443s] INFO:colcon.colcon_core.shell:Creating package script '/home/rsl/crazyfly_ws/install/crazyfly_core/share/crazyfly_core/package.bash'
[2.444s] INFO:colcon.colcon_core.shell:Creating package script '/home/rsl/crazyfly_ws/install/crazyfly_core/share/crazyfly_core/package.zsh'
[2.444s] Level 1:colcon.colcon_core.environment:create_file_with_runtime_dependencies(/home/rsl/crazyfly_ws/install/crazyfly_core/share/colcon-core/packages/crazyfly_core)
[2.445s] Level 1:colcon.colcon_core.environment:checking '/home/rsl/crazyfly_ws/install/optitrack_core' for CMake module files
[2.446s] DEBUG:colcon.colcon_core.event_handler.log_command:Invoked command in '/home/rsl/crazyfly_ws/src/optitrack_core' returned '0': PYTHONPATH=/home/rsl/crazyfly_ws/build/optitrack_core/prefix_override:/home/rsl/crazyfly_ws/install/optitrack_core/lib/python3.10/site-packages:${PYTHONPATH} /usr/bin/python3 -W ignore:setup.py install is deprecated setup.py egg_info --egg-base ../../build/optitrack_core build --build-base /home/rsl/crazyfly_ws/build/optitrack_core/build install --record /home/rsl/crazyfly_ws/build/optitrack_core/install.log --single-version-externally-managed install_data
[2.446s] Level 1:colcon.colcon_core.environment:checking '/home/rsl/crazyfly_ws/install/optitrack_core' for CMake config files
[2.447s] Level 1:colcon.colcon_core.environment:checking '/home/rsl/crazyfly_ws/install/optitrack_core/lib'
[2.447s] Level 1:colcon.colcon_core.environment:checking '/home/rsl/crazyfly_ws/install/optitrack_core/bin'
[2.447s] Level 1:colcon.colcon_core.environment:checking '/home/rsl/crazyfly_ws/install/optitrack_core/lib/pkgconfig/optitrack_core.pc'
[2.447s] Level 1:colcon.colcon_core.environment:checking '/home/rsl/crazyfly_ws/install/optitrack_core/lib/python3.10/site-packages'
[2.447s] Level 1:colcon.colcon_core.shell:create_environment_hook('optitrack_core', 'pythonpath')
[2.447s] INFO:colcon.colcon_core.shell:Creating environment hook '/home/rsl/crazyfly_ws/install/optitrack_core/share/optitrack_core/hook/pythonpath.ps1'
[2.448s] INFO:colcon.colcon_core.shell:Creating environment descriptor '/home/rsl/crazyfly_ws/install/optitrack_core/share/optitrack_core/hook/pythonpath.dsv'
[2.448s] INFO:colcon.colcon_core.shell:Creating environment hook '/home/rsl/crazyfly_ws/install/optitrack_core/share/optitrack_core/hook/pythonpath.sh'
[2.449s] Level 1:colcon.colcon_core.environment:checking '/home/rsl/crazyfly_ws/install/optitrack_core/bin'
[2.449s] Level 1:colcon.colcon_core.environment:create_environment_scripts_only(optitrack_core)
[2.450s] INFO:colcon.colcon_core.shell:Creating package script '/home/rsl/crazyfly_ws/install/optitrack_core/share/optitrack_core/package.ps1'
[2.450s] INFO:colcon.colcon_core.shell:Creating package descriptor '/home/rsl/crazyfly_ws/install/optitrack_core/share/optitrack_core/package.dsv'
[2.451s] INFO:colcon.colcon_core.shell:Creating package script '/home/rsl/crazyfly_ws/install/optitrack_core/share/optitrack_core/package.sh'
[2.452s] INFO:colcon.colcon_core.shell:Creating package script '/home/rsl/crazyfly_ws/install/optitrack_core/share/optitrack_core/package.bash'
[2.452s] INFO:colcon.colcon_core.shell:Creating package script '/home/rsl/crazyfly_ws/install/optitrack_core/share/optitrack_core/package.zsh'
[2.452s] Level 1:colcon.colcon_core.environment:create_file_with_runtime_dependencies(/home/rsl/crazyfly_ws/install/optitrack_core/share/colcon-core/packages/optitrack_core)
[2.452s] DEBUG:colcon.colcon_parallel_executor.executor.parallel:closing loop
[2.453s] DEBUG:colcon.colcon_parallel_executor.executor.parallel:loop closed
[2.453s] DEBUG:colcon.colcon_parallel_executor.executor.parallel:run_until_complete finished with '0'
[2.453s] DEBUG:colcon.colcon_core.event_reactor:joining thread
[2.476s] INFO:colcon.colcon_core.plugin_system:Skipping extension 'colcon_notification.desktop_notification.terminal_notifier': Not used on non-Darwin systems
[2.477s] INFO:colcon.colcon_core.plugin_system:Skipping extension 'colcon_notification.desktop_notification.win32': Not used on non-Windows systems
[2.477s] INFO:colcon.colcon_notification.desktop_notification:Sending desktop notification using 'notify2'
[2.518s] DEBUG:colcon.colcon_core.event_reactor:joined thread
[2.519s] INFO:colcon.colcon_core.shell:Creating prefix script '/home/rsl/crazyfly_ws/install/local_setup.ps1'
[2.520s] INFO:colcon.colcon_core.shell:Creating prefix util module '/home/rsl/crazyfly_ws/install/_local_setup_util_ps1.py'
[2.522s] INFO:colcon.colcon_core.shell:Creating prefix chain script '/home/rsl/crazyfly_ws/install/setup.ps1'
[2.524s] INFO:colcon.colcon_core.shell:Creating prefix script '/home/rsl/crazyfly_ws/install/local_setup.sh'
[2.524s] INFO:colcon.colcon_core.shell:Creating prefix util module '/home/rsl/crazyfly_ws/install/_local_setup_util_sh.py'
[2.525s] INFO:colcon.colcon_core.shell:Creating prefix chain script '/home/rsl/crazyfly_ws/install/setup.sh'
[2.526s] INFO:colcon.colcon_core.shell:Creating prefix script '/home/rsl/crazyfly_ws/install/local_setup.bash'
[2.527s] INFO:colcon.colcon_core.shell:Creating prefix chain script '/home/rsl/crazyfly_ws/install/setup.bash'
[2.529s] INFO:colcon.colcon_core.shell:Creating prefix script '/home/rsl/crazyfly_ws/install/local_setup.zsh'
[2.529s] INFO:colcon.colcon_core.shell:Creating prefix chain script '/home/rsl/crazyfly_ws/install/setup.zsh'
