[1.433s] Invoking command in '/home/rsl/crazyfly_ws/src/controller_core': PYTHONPATH=/home/rsl/crazyfly_ws/build/controller_core/prefix_override:/home/rsl/crazyfly_ws/install/controller_core/lib/python3.10/site-packages:${PYTHONPATH} /usr/bin/python3 -W ignore:setup.py install is deprecated setup.py egg_info --egg-base ../../build/controller_core build --build-base /home/rsl/crazyfly_ws/build/controller_core/build install --record /home/rsl/crazyfly_ws/build/controller_core/install.log --single-version-externally-managed install_data
[1.750s] running egg_info
[1.758s] writing ../../build/controller_core/controller_core.egg-info/PKG-INFO
[1.758s] writing dependency_links to ../../build/controller_core/controller_core.egg-info/dependency_links.txt
[1.759s] writing entry points to ../../build/controller_core/controller_core.egg-info/entry_points.txt
[1.759s] writing requirements to ../../build/controller_core/controller_core.egg-info/requires.txt
[1.759s] writing top-level names to ../../build/controller_core/controller_core.egg-info/top_level.txt
[1.762s] reading manifest file '../../build/controller_core/controller_core.egg-info/SOURCES.txt'
[1.762s] adding license file 'LICENSE'
[1.763s] writing manifest file '../../build/controller_core/controller_core.egg-info/SOURCES.txt'
[1.763s] running build
[1.764s] running build_py
[1.764s] running install
[1.764s] running install_lib
[1.766s] running install_data
[1.766s] running install_egg_info
[1.768s] removing '/home/rsl/crazyfly_ws/install/controller_core/lib/python3.10/site-packages/controller_core-0.0.0-py3.10.egg-info' (and everything under it)
[1.768s] Copying ../../build/controller_core/controller_core.egg-info to /home/rsl/crazyfly_ws/install/controller_core/lib/python3.10/site-packages/controller_core-0.0.0-py3.10.egg-info
[1.769s] running install_scripts
[1.794s] Installing ctrl_node script to /home/rsl/crazyfly_ws/install/controller_core/lib/controller_core
[1.794s] writing list of installed files to '/home/rsl/crazyfly_ws/build/controller_core/install.log'
[1.833s] Invoked command in '/home/rsl/crazyfly_ws/src/controller_core' returned '0': PYTHONPATH=/home/rsl/crazyfly_ws/build/controller_core/prefix_override:/home/rsl/crazyfly_ws/install/controller_core/lib/python3.10/site-packages:${PYTHONPATH} /usr/bin/python3 -W ignore:setup.py install is deprecated setup.py egg_info --egg-base ../../build/controller_core build --build-base /home/rsl/crazyfly_ws/build/controller_core/build install --record /home/rsl/crazyfly_ws/build/controller_core/install.log --single-version-externally-managed install_data
