[1.264s] Invoking command in '/home/rsl/crazyfly_ws/src/crazyfly_core': PYTHONPATH=/home/rsl/crazyfly_ws/build/crazyfly_core/prefix_override:/home/rsl/crazyfly_ws/install/crazyfly_core/lib/python3.10/site-packages:${PYTHONPATH} /usr/bin/python3 -W ignore:setup.py install is deprecated setup.py egg_info --egg-base ../../build/crazyfly_core build --build-base /home/rsl/crazyfly_ws/build/crazyfly_core/build install --record /home/rsl/crazyfly_ws/build/crazyfly_core/install.log --single-version-externally-managed install_data
[1.511s] running egg_info
[1.518s] writing ../../build/crazyfly_core/crazyfly_core.egg-info/PKG-INFO
[1.518s] writing dependency_links to ../../build/crazyfly_core/crazyfly_core.egg-info/dependency_links.txt
[1.519s] writing entry points to ../../build/crazyfly_core/crazyfly_core.egg-info/entry_points.txt
[1.519s] writing requirements to ../../build/crazyfly_core/crazyfly_core.egg-info/requires.txt
[1.519s] writing top-level names to ../../build/crazyfly_core/crazyfly_core.egg-info/top_level.txt
[1.521s] reading manifest file '../../build/crazyfly_core/crazyfly_core.egg-info/SOURCES.txt'
[1.521s] adding license file 'LICENSE'
[1.522s] writing manifest file '../../build/crazyfly_core/crazyfly_core.egg-info/SOURCES.txt'
[1.522s] running build
[1.522s] running build_py
[1.523s] copying crazyfly_core/cluster_new.py -> /home/rsl/crazyfly_ws/build/crazyfly_core/build/lib/crazyfly_core
[1.524s] running install
[1.524s] running install_lib
[1.527s] copying /home/rsl/crazyfly_ws/build/crazyfly_core/build/lib/crazyfly_core/cluster_new.py -> /home/rsl/crazyfly_ws/install/crazyfly_core/lib/python3.10/site-packages/crazyfly_core
[1.528s] byte-compiling /home/rsl/crazyfly_ws/install/crazyfly_core/lib/python3.10/site-packages/crazyfly_core/cluster_new.py to cluster_new.cpython-310.pyc
[1.530s] running install_data
[1.530s] running install_egg_info
[1.532s] removing '/home/rsl/crazyfly_ws/install/crazyfly_core/lib/python3.10/site-packages/crazyfly_core-0.0.0-py3.10.egg-info' (and everything under it)
[1.532s] Copying ../../build/crazyfly_core/crazyfly_core.egg-info to /home/rsl/crazyfly_ws/install/crazyfly_core/lib/python3.10/site-packages/crazyfly_core-0.0.0-py3.10.egg-info
[1.533s] running install_scripts
[1.556s] Installing cf_command_controller script to /home/rsl/crazyfly_ws/install/crazyfly_core/lib/crazyfly_core
[1.556s] Installing cf_command_controller2 script to /home/rsl/crazyfly_ws/install/crazyfly_core/lib/crazyfly_core
[1.557s] Installing cf_driver script to /home/rsl/crazyfly_ws/install/crazyfly_core/lib/crazyfly_core
[1.557s] Installing cf_thrust_controller script to /home/rsl/crazyfly_ws/install/crazyfly_core/lib/crazyfly_core
[1.557s] Installing clusterController script to /home/rsl/crazyfly_ws/install/crazyfly_core/lib/crazyfly_core
[1.557s] Installing clusterControllerClass script to /home/rsl/crazyfly_ws/install/crazyfly_core/lib/crazyfly_core
[1.558s] Installing clusterControllerClass_new script to /home/rsl/crazyfly_ws/install/crazyfly_core/lib/crazyfly_core
[1.558s] Installing fake_thrust_pub script to /home/rsl/crazyfly_ws/install/crazyfly_core/lib/crazyfly_core
[1.558s] Installing optitrack_subscriber script to /home/rsl/crazyfly_ws/install/crazyfly_core/lib/crazyfly_core
[1.558s] Installing optitrack_subscriber2 script to /home/rsl/crazyfly_ws/install/crazyfly_core/lib/crazyfly_core
[1.559s] Installing pid_controller_cf1 script to /home/rsl/crazyfly_ws/install/crazyfly_core/lib/crazyfly_core
[1.559s] Installing pid_controller_cf2 script to /home/rsl/crazyfly_ws/install/crazyfly_core/lib/crazyfly_core
[1.559s] writing list of installed files to '/home/rsl/crazyfly_ws/build/crazyfly_core/install.log'
[1.599s] Invoked command in '/home/rsl/crazyfly_ws/src/crazyfly_core' returned '0': PYTHONPATH=/home/rsl/crazyfly_ws/build/crazyfly_core/prefix_override:/home/rsl/crazyfly_ws/install/crazyfly_core/lib/python3.10/site-packages:${PYTHONPATH} /usr/bin/python3 -W ignore:setup.py install is deprecated setup.py egg_info --egg-base ../../build/crazyfly_core build --build-base /home/rsl/crazyfly_ws/build/crazyfly_core/build install --record /home/rsl/crazyfly_ws/build/crazyfly_core/install.log --single-version-externally-managed install_data
